[www.ahamibeleme.com/index.html]
[backblue.gif]
[fade.gif]
[index.html]
[images.squarespace-cdn.com/content/5704ec402fe131860c2138f3/1459957277210-BYINYCJVBPWL1D5K4SZL/Aham's+Logoee8a.jpg]
[assets.squarespace.com/universal/scripts-compressed/moment-js-vendor-dfdca75a39c0b3652f275-min.en-US.js]
[use.typekit.net/ik/_cG8PlJuJViPnRQ6i-QdhINffruj8Bgo9ku6zbGLrnvfeTXIfFHN4UJLFRbh52jhWD9aw2s8jDb3wcZ8wQwU52j3jDJUwDycwU7VMkG0jAFu-WsoShFGZAsude80ZkoRdhXCHKoyjamTiY8Djhy8ZYmC-Ao1Oco8if37OcBGjAXl-A48demlZPuTF2gUO1FUiABkZ]
[assets.squarespace.com/universal/scripts-compressed/cldr-resource-pack-7d6dc599f0e9e5882dcca-min.en-US.js]
[assets.squarespace.com/universal/styles-compressed/commerce-0418f029ba9aeb9db8790-min.en-US.css]
[assets.squarespace.com/universal/scripts-compressed/performance-ce7d1f2871ee50617c80f-min.en-US.js]
[static1.squarespace.com/static/sitecss/5704ec402fe131860c2138f3/34/4fbff70b84aeca67fb3a3c56/5704ec412fe131860c2138fa/865-05142015/1610723847176/site.css]
[connect.facebook.net/en_US/fbevents.js]
[www.ahamibeleme.com/theretouchingsessions.html]
[www.ahamibeleme.com/travel.html]
[www.ahamibeleme.com/weddings.html]
[www.ahamibeleme.com/beauty.html]
[www.ahamibeleme.com/workshops.html]
[www.ahamibeleme.com/aipworkshops.html]
[www.ahamibeleme.com/aipworkshop3.html]
[assets.squarespace.com/universal/scripts-compressed/common-vendors-152839164ab28d92aa0d8-min.en-US.js]
[www.ahamibeleme.com/aipworkshops40.html]
[www.ahamibeleme.com/the-workshop-50.html]
[assets.squarespace.com/universal/scripts-compressed/commerce-8a5700b1835b127ddf1c8-min.en-US.js]
[www.ahamibeleme.com/the-workshop-60.html]
[www.ahamibeleme.com/the-workshop7.html]
[www.ahamibeleme.com/the-workshop-80.html]
[assets.squarespace.com/universal/scripts-compressed/common-f27ea16392567d6cbfbf2-min.en-US.js]
[www.ahamibeleme.com/testimonials.html]
[www.ahamibeleme.com/one-on-one-photography-training.html]
[www.ahamibeleme.com/talamode-makeup-online-class.html]
[www.ahamibeleme.com/new-products.html]
[www.ahamibeleme.com/about-1.html]
[www.ahamibeleme.com/contact.html]
[images.squarespace-cdn.com/content/v1/5704ec402fe131860c2138f3/1612269647756-25YLGQATORJ0BEAT5UM4/ke17ZwdGBToddI8pDm48kJKo3YTR7zgUvInmXMbZ6zZ7gQa/AIP_3731zfc89.jpg]
[images.squarespace-cdn.com/content/v1/5704ec402fe131860c2138f3/1612274526859-ML5T9O4R4OJ9AUNA6L9I/ke17ZwdGBToddI8pDm48kOeC2_vIwtkNO4KLfB1JIsJ7gQa/AIP_1147zfc89.jpg]
[images.squarespace-cdn.com/content/v1/5704ec402fe131860c2138f3/1612274523857-NN24P5WYY8ASYCFLPJ8H/ke17ZwdGBToddI8pDm48kOeC2_vIwtkNO4KLfB1JIsJ7gQa/AIP_0790bfc89.jpg]
[images.squarespace-cdn.com/content/v1/5704ec402fe131860c2138f3/1596060336296-B5E2R1T8REEMPRET1C2Y/ke17ZwdGBToddI8pDm48kJKo3YTR7zgUvInmXMbZ6zZ7gQa/AIP_0824j+copyfc89.jpg]
[images.squarespace-cdn.com/content/v1/5704ec402fe131860c2138f3/1591353058439-LE9XWAYW16W3Q530I2FQ/ke17ZwdGBToddI8pDm48kHH9S2ID7_bpupQnTdrPcoF7gQa/AIP_4932-2fc89.jpg]
[images.squarespace-cdn.com/content/v1/5704ec402fe131860c2138f3/1604788650543-KWJ5VPSWKT2WQVRJVY74/ke17ZwdGBToddI8pDm48kOeC2_vIwtkNO4KLfB1JIsJ7gQa/AIP_8043afc89.jpg]
[images.squarespace-cdn.com/content/v1/5704ec402fe131860c2138f3/1579598202757-B3GY1TY7HS7SWR8UTWJ7/ke17ZwdGBToddI8pDm48kAhwi97m0KZGTu_LYC9sSAUUqsx/72603529_1245603248955201_6435978374342638341_nfc89.jpg]
[images.squarespace-cdn.com/content/v1/5704ec402fe131860c2138f3/1612274518197-U5TU4LYRLM4PEGT7QZHV/ke17ZwdGBToddI8pDm48kAvkKdAuTTT7OFOYkWZhr3p7gQa/3875BD30-C8F8-4FC5-8114-918BDE125123fc89.jpg]
[images.squarespace-cdn.com/content/v1/5704ec402fe131860c2138f3/1591352345134-LH5078FJJK031FHKPJ22/ke17ZwdGBToddI8pDm48kMXRibDYMhUiookWqwUxEZ97gQa/AIP_8411Afc89.jpg]
[images.squarespace-cdn.com/content/v1/5704ec402fe131860c2138f3/1591354438120-SPZS9398XRVTMC9ESUR4/ke17ZwdGBToddI8pDm48kOeC2_vIwtkNO4KLfB1JIsJ7gQa/AIP_0393fc89.jpg]
[images.squarespace-cdn.com/content/v1/5704ec402fe131860c2138f3/1591354624442-2TZR22IOQMBPRFNLZBW8/ke17ZwdGBToddI8pDm48kHH9S2ID7_bpupQnTdrPcoF7gQa/AIP_7582nfc89.jpg]
[images.squarespace-cdn.com/content/v1/5704ec402fe131860c2138f3/1596060364047-74PEMUAD0D088T23SLF8/ke17ZwdGBToddI8pDm48kLkXF2pIyv_F2eUT9F60jBl7gQa/AIP_9116+copyfc89.jpg]
[images.squarespace-cdn.com/content/v1/5704ec402fe131860c2138f3/1596060414538-C4Q18DKNQ7L2LOFJF8BG/ke17ZwdGBToddI8pDm48kJKo3YTR7zgUvInmXMbZ6zZ7gQa/AIP_9799fc89.jpg]
[images.squarespace-cdn.com/content/v1/5704ec402fe131860c2138f3/1597621047799-8GISCP6QMFCCBZP728EF/ke17ZwdGBToddI8pDm48kMFiMyT1nneRMhnmfuSfpxZ7gQa/AIP_1887+copyfc89.jpg]
[images.squarespace-cdn.com/content/v1/5704ec402fe131860c2138f3/1597621060814-7SP4J2LJIELFDTSCJ9X2/ke17ZwdGBToddI8pDm48kOeC2_vIwtkNO4KLfB1JIsJ7gQa/AIP_8711+copyfc89.jpg]
[images.squarespace-cdn.com/content/v1/5704ec402fe131860c2138f3/1604792801708-S1T5E2FG3XBSJ2ECUC3N/ke17ZwdGBToddI8pDm48kOeC2_vIwtkNO4KLfB1JIsJ7gQa/AIP_7734fc89.jpg]
[images.squarespace-cdn.com/content/v1/5704ec402fe131860c2138f3/1596060069988-7T6F7KGIJFNYTJB1OEL7/ke17ZwdGBToddI8pDm48kJKo3YTR7zgUvInmXMbZ6zZ7gQa/AIP_0411fc89.jpg]
[images.squarespace-cdn.com/content/v1/5704ec402fe131860c2138f3/1563931730594-B31ZOLCZFQKAFV735AWT/ke17ZwdGBToddI8pDm48kCOAyj279uyGW-U1TNOW9-R7gQa/AIP_3803fc89.jpg]
[images.squarespace-cdn.com/content/v1/5704ec402fe131860c2138f3/1591354131774-BHEPJ1BW44Q7MGDU4T6H/ke17ZwdGBToddI8pDm48kOeC2_vIwtkNO4KLfB1JIsJ7gQa/AIP_6009fc89.jpg]
[images.squarespace-cdn.com/content/v1/5704ec402fe131860c2138f3/1571732098201-W464P0RRRWTO5O28ODMI/ke17ZwdGBToddI8pDm48kOeC2_vIwtkNO4KLfB1JIsJ7gQa/AIP_7986fc89.jpg]
[images.squarespace-cdn.com/content/v1/5704ec402fe131860c2138f3/1569021877586-0K2RIZ5BBFHHANVQ9X1C/ke17ZwdGBToddI8pDm48kG57DlINw6Jhrypd83e79GB7gQa/AIP_6069fc89.jpg]
[images.squarespace-cdn.com/content/v1/5704ec402fe131860c2138f3/1569962311409-SAHLHMS7NHUYRL4FL86X/ke17ZwdGBToddI8pDm48kOeC2_vIwtkNO4KLfB1JIsJ7gQa/AIP_5847fc89.jpg]
[images.squarespace-cdn.com/content/v1/5704ec402fe131860c2138f3/1571732043185-YC087WI0PZD5PBJCETR2/ke17ZwdGBToddI8pDm48kP2ur17grYiNVwXn6bMAPtt7gQa/publicfc89.jpg]
[images.squarespace-cdn.com/content/v1/5704ec402fe131860c2138f3/1571737282951-B5O2FJD40NDOI9213T4R/ke17ZwdGBToddI8pDm48kOKLJPKqAQOcqxh2MMbL_Y17gQa/C4B6A1D1-A3D2-4E45-BE34-9DE3D03D0AD9fc89.jpg]
[images.squarespace-cdn.com/content/v1/5704ec402fe131860c2138f3/1575924063439-N1BJHWJJ40PTSG8BG0O4/ke17ZwdGBToddI8pDm48kMFiMyT1nneRMhnmfuSfpxZ7gQa/AIP_0274afc89.jpg]
[images.squarespace-cdn.com/content/v1/5704ec402fe131860c2138f3/1578553830938-KQA2C727RX4Y7HNQS970/ke17ZwdGBToddI8pDm48kMFiMyT1nneRMhnmfuSfpxZ7gQa/AIP_2273+1fc89.jpg]
[images.squarespace-cdn.com/content/v1/5704ec402fe131860c2138f3/1561935882562-BA13LU2L4FZAWD5OF18M/ke17ZwdGBToddI8pDm48kMFiMyT1nneRMhnmfuSfpxZ7gQa/AIP_9064afc89.jpg]
[images.squarespace-cdn.com/content/v1/5704ec402fe131860c2138f3/1569961529456-ZQ1RUYHA6J0WRQI8CMWJ/ke17ZwdGBToddI8pDm48kJ5QZukH_VxHBA4KkNHg9qJ7gQa/publicfc89.jpg]
[images.squarespace-cdn.com/content/v1/5704ec402fe131860c2138f3/1561936198781-X2ADVMLTOOZA1GDAS6FK/ke17ZwdGBToddI8pDm48kMFiMyT1nneRMhnmfuSfpxZ7gQa/AIP_9082xfc89.jpg]
[images.squarespace-cdn.com/content/v1/5704ec402fe131860c2138f3/1563504897869-E38YVDKQRY1KSGLZ5MGH/ke17ZwdGBToddI8pDm48kOeC2_vIwtkNO4KLfB1JIsJ7gQa/AIP_2176fc89.jpg]
[images.squarespace-cdn.com/content/v1/5704ec402fe131860c2138f3/1563503430501-7ZDJGK9M81DU3GVIB0L9/ke17ZwdGBToddI8pDm48kHJeILXtbmrxHuO5DLJNO1p7gQa/AIP_1078fc89.jpg]
[images.squarespace-cdn.com/content/v1/5704ec402fe131860c2138f3/1563931187076-NFNR2E69APHOO8601KEE/ke17ZwdGBToddI8pDm48kKhVtM5ptN6NLUF1v6gY-cF7gQa/F03A9DFF-070D-4CE7-AA3F-56168D1207F1fc89.jpg]
[images.squarespace-cdn.com/content/v1/5704ec402fe131860c2138f3/1563931223163-XN40D987J94Y1J4010GG/ke17ZwdGBToddI8pDm48kOeC2_vIwtkNO4KLfB1JIsJ7gQa/AIP_0719fc89.jpg]
[images.squarespace-cdn.com/content/v1/5704ec402fe131860c2138f3/1569962181884-N8QZO99CBWI81BD6P8S5/ke17ZwdGBToddI8pDm48kCOAyj279uyGW-U1TNOW9-R7gQa/AIP_5755fc89.jpg]
[images.squarespace-cdn.com/content/v1/5704ec402fe131860c2138f3/1569962248567-LZF4DGOV3FH32COKRKR7/ke17ZwdGBToddI8pDm48kCOAyj279uyGW-U1TNOW9-R7gQa/AIP_5838fc89.jpg]
[images.squarespace-cdn.com/content/v1/5704ec402fe131860c2138f3/1561936020421-CIHEG19I6WN7JHFQB5X6/ke17ZwdGBToddI8pDm48kOeC2_vIwtkNO4KLfB1JIsJ7gQa/AIP_9596fc89.jpg]
[images.squarespace-cdn.com/content/v1/5704ec402fe131860c2138f3/1561936089731-8D9GZ1ZCPZXE0NVDLAVT/ke17ZwdGBToddI8pDm48kOeC2_vIwtkNO4KLfB1JIsJ7gQa/AIP_8997fc89.jpg]
[images.squarespace-cdn.com/content/v1/5704ec402fe131860c2138f3/1553860958766-2IBRAZ5N3EK6OFNBXZFD/ke17ZwdGBToddI8pDm48kJKo3YTR7zgUvInmXMbZ6zZ7gQa/AIP_4335fc89.jpg]
[images.squarespace-cdn.com/content/v1/5704ec402fe131860c2138f3/1561983085084-JZMWKRS3YNIO4QMA8IO2/ke17ZwdGBToddI8pDm48kJKo3YTR7zgUvInmXMbZ6zZ7gQa/AIP_9444fc89.jpg]
[images.squarespace-cdn.com/content/v1/5704ec402fe131860c2138f3/1558646968311-OBCRGSCK7YXG1R1LQYJB/ke17ZwdGBToddI8pDm48kBH93ZDNgeurlBKXgrjQFgJ7gQa/AIP_5905fc89.jpg]
[images.squarespace-cdn.com/content/v1/5704ec402fe131860c2138f3/1563493689960-9SC6VTADFRXAI1P1BXTJ/ke17ZwdGBToddI8pDm48kBH93ZDNgeurlBKXgrjQFgJ7gQa/AIP_2225fc89.jpg]
[images.squarespace-cdn.com/content/v1/5704ec402fe131860c2138f3/1563503376599-6NLMQ7NMTO7DB8GZZHSC/ke17ZwdGBToddI8pDm48kOeC2_vIwtkNO4KLfB1JIsJ7gQa/AIP_2269afc89.jpg]
[images.squarespace-cdn.com/content/v1/5704ec402fe131860c2138f3/1563503398250-097IIVW2R3RTJEHA0ZPT/ke17ZwdGBToddI8pDm48kCOAyj279uyGW-U1TNOW9-R7gQa/AIP_7540fc89.jpg]
[images.squarespace-cdn.com/content/v1/5704ec402fe131860c2138f3/1563503460007-BU04Q5A4PYWD9LIR8SOB/ke17ZwdGBToddI8pDm48kOeC2_vIwtkNO4KLfB1JIsJ7gQa/AIP_0719fc89.jpg]
[images.squarespace-cdn.com/content/v1/5704ec402fe131860c2138f3/1563503499490-IUSML384QTNKMBQIZYUV/ke17ZwdGBToddI8pDm48kG4kLoJ0_d-Sfv0Vd8UtF617gQa/AIP_8953zfc89.jpg]
[images.squarespace-cdn.com/content/v1/5704ec402fe131860c2138f3/1558646986585-UFCTJUDL6FN2PG4X74NE/ke17ZwdGBToddI8pDm48kF3JqaA2OEouTRpyGlt8_517gQa/AIP_6719fc89.jpg]
[images.squarespace-cdn.com/content/v1/5704ec402fe131860c2138f3/1558647008016-7UVGUKVHJ5JJPM6Z1QSW/ke17ZwdGBToddI8pDm48kLBnCuLS4rYL7yVlMx_8oR57gQa/AIP_6817fc89.jpg]
[images.squarespace-cdn.com/content/v1/5704ec402fe131860c2138f3/1558647063963-JL71N7IKPJ2KNEH9PNNS/ke17ZwdGBToddI8pDm48kOeC2_vIwtkNO4KLfB1JIsJ7gQa/AIP_5989fc89.jpg]
[images.squarespace-cdn.com/content/v1/5704ec402fe131860c2138f3/1557141802932-HPLI5X2JDXFBXK837HH3/ke17ZwdGBToddI8pDm48kJKo3YTR7zgUvInmXMbZ6zZ7gQa/AIP_6276afc89.jpg]
[images.squarespace-cdn.com/content/v1/5704ec402fe131860c2138f3/1557141820238-PHNURT9BUHCOX3S1I1N8/ke17ZwdGBToddI8pDm48kJKo3YTR7zgUvInmXMbZ6zZ7gQa/AIP_5072fc89.jpg]
[images.squarespace-cdn.com/content/v1/5704ec402fe131860c2138f3/1557142097609-VHEOH5OFM700OL6AGVUK/ke17ZwdGBToddI8pDm48kJKo3YTR7zgUvInmXMbZ6zZ7gQa/AIP_3562fc89.jpg]
[images.squarespace-cdn.com/content/v1/5704ec402fe131860c2138f3/1550832345289-ABYJTGQ4XW6SZKU3BQQI/ke17ZwdGBToddI8pDm48kJKo3YTR7zgUvInmXMbZ6zZ7gQa/AIP_1857fc89.jpg]
[images.squarespace-cdn.com/content/v1/5704ec402fe131860c2138f3/1552407642787-UR5XAPEFNHSN7CWMCA2T/ke17ZwdGBToddI8pDm48kPUZSjMBXyYUflNxzWL6BnN7gQa/AIP_7769afc89.jpg]
[images.squarespace-cdn.com/content/v1/5704ec402fe131860c2138f3/1550668882747-ZOCGZDLU40ETPBU19GP8/ke17ZwdGBToddI8pDm48kO10lHUvDs3A0phH7bvfk9B7gQa/IMG_3245afc89.jpg]
[images.squarespace-cdn.com/content/v1/5704ec402fe131860c2138f3/1550668941977-3AVEEBE5U2T64I0BOV2U/ke17ZwdGBToddI8pDm48kJKo3YTR7zgUvInmXMbZ6zZ7gQa/AIP_1866fc89.jpg]
[images.squarespace-cdn.com/content/v1/5704ec402fe131860c2138f3/1548775471648-ORDV9CDAEOEZ0G3Z7US8/ke17ZwdGBToddI8pDm48kJKo3YTR7zgUvInmXMbZ6zZ7gQa/AIP_0973fc89.jpg]
[images.squarespace-cdn.com/content/v1/5704ec402fe131860c2138f3/1550668852043-D2XQP6XM3S4A0HGS2D38/ke17ZwdGBToddI8pDm48kGNkKjeEUqqaFYbs5FKkWFAUqsx/IMG_9301fc89.png]
[images.squarespace-cdn.com/content/v1/5704ec402fe131860c2138f3/1550832996865-JSV4VUWI8G9POXCNTSVD/ke17ZwdGBToddI8pDm48kMFiMyT1nneRMhnmfuSfpxZ7gQa/AIP_2083fc89.jpg]
[images.squarespace-cdn.com/content/v1/5704ec402fe131860c2138f3/1548775131544-QXOZEV29QQNA72XKPUQ5/ke17ZwdGBToddI8pDm48kJKo3YTR7zgUvInmXMbZ6zZ7gQa/AIP_9421fc89.jpg]
[images.squarespace-cdn.com/content/v1/5704ec402fe131860c2138f3/1548775031457-YVINKSR6KJC0JKHIJOSD/ke17ZwdGBToddI8pDm48kKd0LWof_5_A2pQEatRKD4d7gQa/AIP_2581fc89.jpg]
[images.squarespace-cdn.com/content/v1/5704ec402fe131860c2138f3/1548775596994-AHUWKJIVMGT4EWCJDFBU/ke17ZwdGBToddI8pDm48kMRDfNvA6wOWZ6_okoNu5hN7gQa/AIP_1224fc89.jpg]
[images.squarespace-cdn.com/content/v1/5704ec402fe131860c2138f3/1558647049164-4HS57IAFP1W1JUT0BX8Q/ke17ZwdGBToddI8pDm48kBH93ZDNgeurlBKXgrjQFgJ7gQa/AIP_6674fc89.jpg]
[images.squarespace-cdn.com/content/v1/5704ec402fe131860c2138f3/1548775123397-MC15UWT8JZFMJ3OGK19R/ke17ZwdGBToddI8pDm48kMFiMyT1nneRMhnmfuSfpxZ7gQa/AIP_9621fc89.jpg]
[images.squarespace-cdn.com/content/v1/5704ec402fe131860c2138f3/1548775183273-M5XBDP4L94P9ZV34U99V/ke17ZwdGBToddI8pDm48kMFiMyT1nneRMhnmfuSfpxZ7gQa/AIP_0428fc89.jpg]
[images.squarespace-cdn.com/content/v1/5704ec402fe131860c2138f3/1548767732968-RZTMGV9AXHA3NY2FJYZ2/ke17ZwdGBToddI8pDm48kJKo3YTR7zgUvInmXMbZ6zZ7gQa/AIP_1746fc89.jpg]
[images.squarespace-cdn.com/content/v1/5704ec402fe131860c2138f3/1548767691206-9DCAR8LIXIB0L9GYG39T/ke17ZwdGBToddI8pDm48kJKo3YTR7zgUvInmXMbZ6zZ7gQa/AIP_1412afc89.jpg]
[images.squarespace-cdn.com/content/v1/5704ec402fe131860c2138f3/1548775023751-LDJDB80ORZHVJEFARWFE/ke17ZwdGBToddI8pDm48kMXRibDYMhUiookWqwUxEZ97gQa/AIP_2613fc89.jpg]
[images.squarespace-cdn.com/content/v1/5704ec402fe131860c2138f3/1526372359964-3BTBTCJ57W051TF4O05L/ke17ZwdGBToddI8pDm48kMXRibDYMhUiookWqwUxEZ97gQa/AIP_3492afc89.jpg]
[images.squarespace-cdn.com/content/v1/5704ec402fe131860c2138f3/1548079708449-0R5YREY0YH4P90SW1WNU/ke17ZwdGBToddI8pDm48kJKo3YTR7zgUvInmXMbZ6zZ7gQa/AIP_1538fc89.jpg]
[images.squarespace-cdn.com/content/v1/5704ec402fe131860c2138f3/1536142323383-JP8W1X26IWKNE0BGYFFZ/ke17ZwdGBToddI8pDm48kIzE_4x8eNcHdeWtNmzs0Sp7gQa/AIP_0054fc89.jpg]
[images.squarespace-cdn.com/content/v1/5704ec402fe131860c2138f3/1528813229721-KPFFEB4VJ3W4PDIAGD9X/ke17ZwdGBToddI8pDm48kJKo3YTR7zgUvInmXMbZ6zZ7gQa/AIP_8344fc89.jpg]
[images.squarespace-cdn.com/content/v1/5704ec402fe131860c2138f3/1558647029677-ZJDSO3TZFYVK1U5Z7PFD/ke17ZwdGBToddI8pDm48kHH9S2ID7_bpupQnTdrPcoF7gQa/AIP_6741fc89.jpg]
[images.squarespace-cdn.com/content/v1/5704ec402fe131860c2138f3/1513779164168-NDLUV9UZRW38ZBM4EV4U/ke17ZwdGBToddI8pDm48kMXRibDYMhUiookWqwUxEZ97gQa/AIP_9092fc89.jpg]
[images.squarespace-cdn.com/content/v1/5704ec402fe131860c2138f3/1536142222962-GQSP1KO2OCCUBYCDFSZH/ke17ZwdGBToddI8pDm48kMFiMyT1nneRMhnmfuSfpxZ7gQa/AIP_0040fc89.jpg]
[images.squarespace-cdn.com/content/v1/5704ec402fe131860c2138f3/1528813078009-H9Z3U1C1843SHEHCW8Q4/ke17ZwdGBToddI8pDm48kNO2SymwcR0CNt03aX8zdCd7gQa/AIP_8231fc89.jpg]
[images.squarespace-cdn.com/content/v1/5704ec402fe131860c2138f3/1526372645467-RIPIBQGXIWUPA1XWLH1K/ke17ZwdGBToddI8pDm48kMXRibDYMhUiookWqwUxEZ97gQa/AIP_4660fc89.jpg]
[images.squarespace-cdn.com/content/v1/5704ec402fe131860c2138f3/1534075111596-JXRQ0VLPDN8ZK7SMJIR8/ke17ZwdGBToddI8pDm48kJKo3YTR7zgUvInmXMbZ6zZ7gQa/AIP_0576fc89.jpg]
[images.squarespace-cdn.com/content/v1/5704ec402fe131860c2138f3/1536142460350-6K6IHEL8J8ECBEB1URCJ/ke17ZwdGBToddI8pDm48kMFiMyT1nneRMhnmfuSfpxZ7gQa/AIP_9679afc89.jpg]
[images.squarespace-cdn.com/content/v1/5704ec402fe131860c2138f3/1536142513012-6R21D1GWYRRT0Y0IW4YC/ke17ZwdGBToddI8pDm48kJKo3YTR7zgUvInmXMbZ6zZ7gQa/AIP_9713fc89.jpg]
[images.squarespace-cdn.com/content/v1/5704ec402fe131860c2138f3/1569962402373-9BWYADRAAI0W69ALEFI2/ke17ZwdGBToddI8pDm48kOeC2_vIwtkNO4KLfB1JIsJ7gQa/AIP_5668fc89.jpg]
[images.squarespace-cdn.com/content/v1/5704ec402fe131860c2138f3/1536142566863-3GE9OJTGQS2VBFU2O47Y/ke17ZwdGBToddI8pDm48kMFiMyT1nneRMhnmfuSfpxZ7gQa/AIP_9869fc89.jpg]
[images.squarespace-cdn.com/content/v1/5704ec402fe131860c2138f3/1536142600950-QNG2WPP1X7Q0GCEPREVQ/ke17ZwdGBToddI8pDm48kLkXF2pIyv_F2eUT9F60jBl7gQa/AIP_9986fc89.jpg]
[images.squarespace-cdn.com/content/v1/5704ec402fe131860c2138f3/1523389897709-13G8OT36XBPAHZH1VG4B/ke17ZwdGBToddI8pDm48kF_yIo8BqmYpMaDDJoVi1cd7gQa/AIP_9330fc89.jpg]
[images.squarespace-cdn.com/content/v1/5704ec402fe131860c2138f3/1536142255622-J9N1BU261XJLIQHSXPCH/ke17ZwdGBToddI8pDm48kGC1ZTGekdUHyKlbn1AKZ7J7gQa/AIP_0030fc89.jpg]
[images.squarespace-cdn.com/content/v1/5704ec402fe131860c2138f3/1536142309208-8DVAKOY85ET27V71ATZ4/ke17ZwdGBToddI8pDm48kJKo3YTR7zgUvInmXMbZ6zZ7gQa/AIP_9522fc89.jpg]
[images.squarespace-cdn.com/content/v1/5704ec402fe131860c2138f3/1536142407873-QEN10O6YO1YYO2QZLQZ3/ke17ZwdGBToddI8pDm48kG57DlINw6Jhrypd83e79GB7gQa/AIP_9626fc89.jpg]
[images.squarespace-cdn.com/content/v1/5704ec402fe131860c2138f3/1548767740676-DH0D0EVWD4UKN3XJXLZ3/ke17ZwdGBToddI8pDm48kJKo3YTR7zgUvInmXMbZ6zZ7gQa/AIP_1418fc89.jpg]
[images.squarespace-cdn.com/content/v1/5704ec402fe131860c2138f3/1548767811368-KII9HAY8EKPRTRVIOIHU/ke17ZwdGBToddI8pDm48kJKo3YTR7zgUvInmXMbZ6zZ7gQa/AIP_1454fc89.jpg]
[images.squarespace-cdn.com/content/v1/5704ec402fe131860c2138f3/1536142364310-FHS43UAVZLTEXN7QOOE0/ke17ZwdGBToddI8pDm48kJKo3YTR7zgUvInmXMbZ6zZ7gQa/AIP_9640fc89.jpg]
[images.squarespace-cdn.com/content/v1/5704ec402fe131860c2138f3/1536142405753-F6177KL85GGB5L2RK7ZZ/ke17ZwdGBToddI8pDm48kG57DlINw6Jhrypd83e79GB7gQa/AIP_9648fc89.jpg]
[images.squarespace-cdn.com/content/v1/5704ec402fe131860c2138f3/1536142454672-WSGG0ZACM4DDOUS0G23H/ke17ZwdGBToddI8pDm48kJKo3YTR7zgUvInmXMbZ6zZ7gQa/AIP_9672fc89.jpg]
[images.squarespace-cdn.com/content/v1/5704ec402fe131860c2138f3/1506360837055-S9G52JIC9QT6DYBYX4SZ/ke17ZwdGBToddI8pDm48kMXRibDYMhUiookWqwUxEZ97gQa/AIP_7318fc89.jpg]
[images.squarespace-cdn.com/content/v1/5704ec402fe131860c2138f3/1534075285326-0X3ZDTS9134WMU202RAT/ke17ZwdGBToddI8pDm48kEYn5lYqw1O9mIgUpggf1xR7gQa/AIP_3437fc89.jpg]
[images.squarespace-cdn.com/content/v1/5704ec402fe131860c2138f3/1518131019958-I2LAJND0Z1HUQNT2UZSD/ke17ZwdGBToddI8pDm48kMZ7ubKr_7JAhTKpCGDq_WZ7gQa/AIP_9846xfc89.jpg]
[images.squarespace-cdn.com/content/v1/5704ec402fe131860c2138f3/1479754337752-LVO9DM3U81GLHUPJYNU1/ke17ZwdGBToddI8pDm48kMXRibDYMhUiookWqwUxEZ97gQa/IMG_9862fc89.jpg]
[images.squarespace-cdn.com/content/v1/5704ec402fe131860c2138f3/1534074927656-U97QN9G506MWUHNTDZ4F/ke17ZwdGBToddI8pDm48kMXRibDYMhUiookWqwUxEZ97gQa/AIP_0014fc89.jpg]
[images.squarespace-cdn.com/content/v1/5704ec402fe131860c2138f3/1528813082693-SDCQZD2TYTLPS1R1OI9Q/ke17ZwdGBToddI8pDm48kNO2SymwcR0CNt03aX8zdCd7gQa/AIP_8436fc89.jpg]
[images.squarespace-cdn.com/content/v1/5704ec402fe131860c2138f3/1548767797820-26T9W0TA2U0T6DHUUDO2/ke17ZwdGBToddI8pDm48kAYywbqICfGJFKRXkl8-Ibd7gQa/AIP_1427fc89.jpg]
[images.squarespace-cdn.com/content/v1/5704ec402fe131860c2138f3/1528813196316-RZC49SZTVDHKRSPT6XCD/ke17ZwdGBToddI8pDm48kNO2SymwcR0CNt03aX8zdCd7gQa/AIP_9940fc89.jpg]
[images.squarespace-cdn.com/content/v1/5704ec402fe131860c2138f3/1534074935168-OS3O2VZ2DRIT7QMTJ9CJ/ke17ZwdGBToddI8pDm48kMXRibDYMhUiookWqwUxEZ97gQa/AIP_0787fc89.jpg]
[images.squarespace-cdn.com/content/v1/5704ec402fe131860c2138f3/1534075001316-RADZLLRGAGWNBZ2ISW11/ke17ZwdGBToddI8pDm48kOFvgBEjBHZuLuNehDYoPp97gQa/AIP_3095afc89.jpg]
[images.squarespace-cdn.com/content/v1/5704ec402fe131860c2138f3/1534075180891-HZTRU4CF7F9C2CSJ47O9/ke17ZwdGBToddI8pDm48kMFiMyT1nneRMhnmfuSfpxZ7gQa/AIP_0474xfc89.jpg]
[images.squarespace-cdn.com/content/v1/5704ec402fe131860c2138f3/1534075634315-OO1H6EMU22JEE912U972/ke17ZwdGBToddI8pDm48kJKo3YTR7zgUvInmXMbZ6zZ7gQa/AIP_0094afc89.jpg]
[images.squarespace-cdn.com/content/v1/5704ec402fe131860c2138f3/1534075540647-YCOLSM750LBD5PIYDPAP/ke17ZwdGBToddI8pDm48kNO2SymwcR0CNt03aX8zdCd7gQa/AIP_4349afc89.jpg]
[images.squarespace-cdn.com/content/v1/5704ec402fe131860c2138f3/1513356170110-JI6YTPXAL9KXSRIQR6B4/ke17ZwdGBToddI8pDm48kLdL40TmVryAZnFYQ_8SJtJ7gQa/IMG_9658cfc89.jpg]
[images.squarespace-cdn.com/content/v1/5704ec402fe131860c2138f3/1526376879920-QLIAPH8HT5NNQKWGWZHB/ke17ZwdGBToddI8pDm48kJKo3YTR7zgUvInmXMbZ6zZ7gQa/AIP_5136fc89.jpg]
[images.squarespace-cdn.com/content/v1/5704ec402fe131860c2138f3/1513779241491-9UMK8OP8XVHNMX400J4O/ke17ZwdGBToddI8pDm48kMXRibDYMhUiookWqwUxEZ97gQa/AIP_7412afc89.jpg]
[images.squarespace-cdn.com/content/v1/5704ec402fe131860c2138f3/1526376925027-TBE17XWKSF0GV557Y7TR/ke17ZwdGBToddI8pDm48kJKo3YTR7zgUvInmXMbZ6zZ7gQa/AIP_8820fc89.jpg]
[images.squarespace-cdn.com/content/v1/5704ec402fe131860c2138f3/1526376936527-VMZGPQB0A1KFUKLF9OK9/ke17ZwdGBToddI8pDm48kMXRibDYMhUiookWqwUxEZ97gQa/AIP_9158fc89.jpg]
[images.squarespace-cdn.com/content/v1/5704ec402fe131860c2138f3/1513751968260-6915UGV7DWWNKRSUK0CO/ke17ZwdGBToddI8pDm48kLkXF2pIyv_F2eUT9F60jBl7gQa/AIP_6543xvfc89.jpg]
[images.squarespace-cdn.com/content/v1/5704ec402fe131860c2138f3/1526372612328-EA3Y7I3NCLV021537UIK/ke17ZwdGBToddI8pDm48kLkXF2pIyv_F2eUT9F60jBl7gQa/AIP_3906fc89.jpg]
[images.squarespace-cdn.com/content/v1/5704ec402fe131860c2138f3/1499853270532-A3K70EF5H5093XW6RX4N/ke17ZwdGBToddI8pDm48kO_o3JuOjXrbttvZzOnqGYl7gQa/AIP_7570fc89.jpg]
[images.squarespace-cdn.com/content/v1/5704ec402fe131860c2138f3/1523389917423-V12ECP1UX6OYRKU28R3O/ke17ZwdGBToddI8pDm48kA_SSaoz4elkj-HsZd8gX3Z7gQa/AIP_9485fc89.jpg]
[images.squarespace-cdn.com/content/v1/5704ec402fe131860c2138f3/1518478604214-31HTSD244QRLQB7KAWJ7/ke17ZwdGBToddI8pDm48kNO2SymwcR0CNt03aX8zdCd7gQa/AIP_9939fc89.jpg]
[images.squarespace-cdn.com/content/v1/5704ec402fe131860c2138f3/1482604997530-7RFT5BLIODDW4A3EPAK9/ke17ZwdGBToddI8pDm48kDV5MLeBdoI9J2W0EPFJuqN7gQa/IMG_1298fc89.jpg]
[images.squarespace-cdn.com/content/v1/5704ec402fe131860c2138f3/1510305476483-X9UQZ9BY2NN6XU00684O/ke17ZwdGBToddI8pDm48kJKo3YTR7zgUvInmXMbZ6zZ7gQa/AIP_8923fc89.jpg]
[images.squarespace-cdn.com/content/v1/5704ec402fe131860c2138f3/1492594633944-OE8V53S708B08N5393BN/ke17ZwdGBToddI8pDm48kMXRibDYMhUiookWqwUxEZ97gQa/IMG_8941fc89.jpg]
[images.squarespace-cdn.com/content/v1/5704ec402fe131860c2138f3/1499852384666-MQMR7DFFX6J2XQUCUV6A/ke17ZwdGBToddI8pDm48kLkXF2pIyv_F2eUT9F60jBl7gQa/AIP_7670afc89.jpg]
[images.squarespace-cdn.com/content/v1/5704ec402fe131860c2138f3/1513355954396-9JSJDKILQ43GI290WFHM/ke17ZwdGBToddI8pDm48kDqh_cQocK8JBSHUbTtZS4V7gQa/AIP_9411fc89.jpg]
[images.squarespace-cdn.com/content/v1/5704ec402fe131860c2138f3/1482615477289-G40NCRFYECUVHYJUZEBW/ke17ZwdGBToddI8pDm48kGRq_mxNAGTSc5wyarcJdeh7gQa/IMG_1310afc89.jpg]
[images.squarespace-cdn.com/content/v1/5704ec402fe131860c2138f3/1506360773198-FAWGBS506E2QZ32I7VU4/ke17ZwdGBToddI8pDm48kMXRibDYMhUiookWqwUxEZ97gQa/AIP_7309afc89.jpg]
[images.squarespace-cdn.com/content/v1/5704ec402fe131860c2138f3/1513356021464-8XDHENZ7LETHV8GSDZSP/ke17ZwdGBToddI8pDm48kMXRibDYMhUiookWqwUxEZ97gQa/AIP_9565afc89.jpg]
[images.squarespace-cdn.com/content/v1/5704ec402fe131860c2138f3/1506361544606-35KJ64V00T9STFCI84YZ/ke17ZwdGBToddI8pDm48kMXRibDYMhUiookWqwUxEZ97gQa/AIP_7641fc89.jpg]
[images.squarespace-cdn.com/content/v1/5704ec402fe131860c2138f3/1499505062778-QZW3W5LDZ37XD6LCGP4W/ke17ZwdGBToddI8pDm48kL174YsGn2joNYm5M5GfWkx7gQa/IMG_3963fc89.jpg]
[images.squarespace-cdn.com/content/v1/5704ec402fe131860c2138f3/1489433773654-97Z6GOAZ2F9XKLWK4T0A/ke17ZwdGBToddI8pDm48kNIZ-QTdD60aI454ysO1VcB7gQa/IMG_9079fc89.jpg]
[images.squarespace-cdn.com/content/v1/5704ec402fe131860c2138f3/1465575371214-MNY3BZIZS5OLTPUBLONR/ke17ZwdGBToddI8pDm48kFcPm2-ML97ipNby4CMLqzh7gQa/IMG_6588fc89.jpg]
[images.squarespace-cdn.com/content/v1/5704ec402fe131860c2138f3/1499506767004-PAMWQ3TDQQHB16LMKATS/ke17ZwdGBToddI8pDm48kMj_SzOYAhzdjXH1LlvrPvd7gQa/IMG_3987fc89.jpg]
[images.squarespace-cdn.com/content/v1/5704ec402fe131860c2138f3/1476621206942-V95FEZR5F4A9HUOSQ0S1/ke17ZwdGBToddI8pDm48kJ9comI4_LsG2AnGzYHPFCV7gQa/IMG_8005fc89.jpg]
[images.squarespace-cdn.com/content/v1/5704ec402fe131860c2138f3/1510309004589-SXB9DHUA82FMH1C7TBRL/ke17ZwdGBToddI8pDm48kJmd4Ffv9N4vWA8t0sI0i197gQa/AIP_8517fc89.jpg]
[images.squarespace-cdn.com/content/v1/5704ec402fe131860c2138f3/1498557204688-YNARSN3G9DFDVGIITG6G/ke17ZwdGBToddI8pDm48kAqwmR8V01ZbM3ejrHaNyAZ7gQa/AIP_6857afc89.jpg]
[images.squarespace-cdn.com/content/v1/5704ec402fe131860c2138f3/1459940944771-XH25TNP3W2XMT1TJLRE5/ke17ZwdGBToddI8pDm48kNO2SymwcR0CNt03aX8zdCd7gQa/IMG_1196fc89.jpg]
[images.squarespace-cdn.com/content/v1/5704ec402fe131860c2138f3/1498232549860-XHC3D0GWK1SLGZ6JLD4T/ke17ZwdGBToddI8pDm48kIb208rZa53-oBsRUmW1XjB7gQa/AIP_6736xxfc89.jpg]
[images.squarespace-cdn.com/content/v1/5704ec402fe131860c2138f3/1459948589311-4XOTADP9XW6IFKUQHQJ9/ke17ZwdGBToddI8pDm48kNO2SymwcR0CNt03aX8zdCd7gQa/IMG_0142Mfc89.jpg]
[images.squarespace-cdn.com/content/v1/5704ec402fe131860c2138f3/1498557924424-ETCKCVD9YNZ60XZV92SQ/ke17ZwdGBToddI8pDm48kL174YsGn2joNYm5M5GfWkx7gQa/AIP_6119fc89.jpg]
[images.squarespace-cdn.com/content/v1/5704ec402fe131860c2138f3/1479753965894-K665YM406KY6RBWA3VVM/ke17ZwdGBToddI8pDm48kLkXF2pIyv_F2eUT9F60jBl7gQa/IMG_9193afc89.jpg]
[images.squarespace-cdn.com/content/v1/5704ec402fe131860c2138f3/1485519831675-W061HW408ZDZLG32HC4Q/ke17ZwdGBToddI8pDm48kLkXF2pIyv_F2eUT9F60jBl7gQa/IMG_7458afc89.jpg]
[images.squarespace-cdn.com/content/v1/5704ec402fe131860c2138f3/1459941226602-7S9Q2BTZ20MNP02LGLMY/ke17ZwdGBToddI8pDm48kNmOegSZNuyWxYXrx2hLofZ7gQa/IMG_0131fc89.jpg]
[images.squarespace-cdn.com/content/v1/5704ec402fe131860c2138f3/1459941522793-ZZYFS2FCGJE0XTI2UNIN/ke17ZwdGBToddI8pDm48kJFBGdi8bZsZ3ITZf1kOisx7gQa/IMG_6467fc89.jpg]
[images.squarespace-cdn.com/content/v1/5704ec402fe131860c2138f3/1474101631204-XXE91HQ095ZEGYQ9TML7/ke17ZwdGBToddI8pDm48kH0B3c8uTPC88ytvWFYErpx7gQa/Damifc89.jpg]
[images.squarespace-cdn.com/content/v1/5704ec402fe131860c2138f3/1485519869338-TKYY87PS3UQ9R5HB3VMJ/ke17ZwdGBToddI8pDm48kLkXF2pIyv_F2eUT9F60jBl7gQa/IMG_7485fc89.jpg]
[images.squarespace-cdn.com/content/v1/5704ec402fe131860c2138f3/1478159060655-VB2HYYE0HA81VO3HDJRR/ke17ZwdGBToddI8pDm48kLqs3Ja71AQzW7V1zDhfFOl7gQa/IMG_8649fc89.jpg]
[images.squarespace-cdn.com/content/v1/5704ec402fe131860c2138f3/1476621243120-2QCVSR5U6YCX5NP6K8CQ/ke17ZwdGBToddI8pDm48kMXRibDYMhUiookWqwUxEZ97gQa/IMG_7959fc89.jpg]
[images.squarespace-cdn.com/content/v1/5704ec402fe131860c2138f3/1467494112764-ZVH8IIVYX4M6GAL4IOF3/ke17ZwdGBToddI8pDm48kNmOegSZNuyWxYXrx2hLofZ7gQa/IMG_6766fc89.jpg]
[images.squarespace-cdn.com/content/v1/5704ec402fe131860c2138f3/1475331334659-D4OT1WDXEOIYKJ3QI7R0/ke17ZwdGBToddI8pDm48kLkXF2pIyv_F2eUT9F60jBl7gQa/IMG_3636fc89.jpg]
[images.squarespace-cdn.com/content/v1/5704ec402fe131860c2138f3/1470896736194-VXHVZQQ9QEOQFO3CY27U/ke17ZwdGBToddI8pDm48kLkXF2pIyv_F2eUT9F60jBl7gQa/IMG_9726fc89.jpg]
[images.squarespace-cdn.com/content/v1/5704ec402fe131860c2138f3/1474101632401-8AZCE6T2MG4RTEQ9ICSZ/ke17ZwdGBToddI8pDm48kPcjJCEfAsh0ItlB9resgEp7gQa/funkefc89.jpg]
[images.squarespace-cdn.com/content/v1/5704ec402fe131860c2138f3/1474101618429-K8LRTWCBA0JCHFZUAGGV/ke17ZwdGBToddI8pDm48kBbtBi-7nbutyVcUNBOPlkd7gQa/IMG_7157fc89.jpg]
[images.squarespace-cdn.com/content/v1/5704ec402fe131860c2138f3/1474101617998-4EWUYKPMX0R23FQ2IVLU/ke17ZwdGBToddI8pDm48kPcjJCEfAsh0ItlB9resgEp7gQa/dakore_2fc89.jpg]
[images.squarespace-cdn.com/content/v1/5704ec402fe131860c2138f3/1459957542525-RMQHNVOH0JMXHXSC35CI/ke17ZwdGBToddI8pDm48kMtiXMEMZ8ID8MVhA-T_Qc9Zw-z/12547413_457601127767881_894173289_nfc89.jpg]
[images.squarespace-cdn.com/content/v1/5704ec402fe131860c2138f3/1492552362351-WUVUFFCTRYCWMHLPYU7N/ke17ZwdGBToddI8pDm48kMXRibDYMhUiookWqwUxEZ97gQa/IMG_9579fc89.jpg]
[images.squarespace-cdn.com/content/v1/5704ec402fe131860c2138f3/1459957938245-4RW48PU7P5WQKXE66RZC/ke17ZwdGBToddI8pDm48kMtiXMEMZ8ID8MVhA-T_Qc9Zw-z/11875286_393982484129320_1131882420_nfc89.jpg]
[images.squarespace-cdn.com/content/v1/5704ec402fe131860c2138f3/1462530288492-2JGG0CSPE9LPEHGMNPGM/ke17ZwdGBToddI8pDm48kGeNtXjnSVE0FC98ofHjoQx7gQa/1afc89.jpg]
[images.squarespace-cdn.com/content/v1/5704ec402fe131860c2138f3/1459941056970-EDV6CT8N7AFYCB5KM91I/ke17ZwdGBToddI8pDm48kK858vUi-IPi4bgNGv1q_El7gQa/IMG_0024fc89.jpg]
[images.squarespace-cdn.com/content/v1/5704ec402fe131860c2138f3/1459940969030-ZXVA4JAS11TXA1JT20KI/ke17ZwdGBToddI8pDm48kKDIp2bgrYoglgYwloJtFQJ7gQa/IMG_0538afc89.jpg]
[images.squarespace-cdn.com/content/v1/5704ec402fe131860c2138f3/1459948565798-44OIOPOBPG8ADY1E77JW/ke17ZwdGBToddI8pDm48kNmOegSZNuyWxYXrx2hLofZ7gQa/IMG_0341fc89.jpg]
[images.squarespace-cdn.com/content/v1/5704ec402fe131860c2138f3/1464371807271-L3MUN6WYS0FDD4I48PJS/ke17ZwdGBToddI8pDm48kNmOegSZNuyWxYXrx2hLofZ7gQa/IMG_4587fc89.jpg]
[images.squarespace-cdn.com/content/v1/5704ec402fe131860c2138f3/1459940739299-WVEFH51T58DWFXJDIVU2/ke17ZwdGBToddI8pDm48kA_SSaoz4elkj-HsZd8gX3Z7gQa/_MG_4171-2ac+2fc89.jpg]
[images.squarespace-cdn.com/content/v1/5704ec402fe131860c2138f3/1459940747331-YSDS18MN21MSX4KK6U7X/ke17ZwdGBToddI8pDm48kNmOegSZNuyWxYXrx2hLofZ7gQa/_MG_8061fc89.jpg]
[images.squarespace-cdn.com/content/v1/5704ec402fe131860c2138f3/1459940939905-22OBBJ5GA7M6FYJ9BHPX/ke17ZwdGBToddI8pDm48kDh3qKKlf-8tObv5S1uxv0Z7gQa/IMG_0703fc89.jpg]
[images.squarespace-cdn.com/content/v1/5704ec402fe131860c2138f3/1459940731178-5MDTAI6Z78HK5BD8A2JZ/ke17ZwdGBToddI8pDm48kNmOegSZNuyWxYXrx2hLofZ7gQa/_MG_2064fc89.jpg]
[images.squarespace-cdn.com/content/v1/5704ec402fe131860c2138f3/1459940996750-TX0GDBJ3D44IKK9KL5NX/ke17ZwdGBToddI8pDm48kBen_Ef-94zjqPEqqDtQQPFZw-z/unnamed-3fc89.jpg]
[images.squarespace-cdn.com/content/v1/5704ec402fe131860c2138f3/1459940723243-JF0O0CM0IMUNVZG62R2V/ke17ZwdGBToddI8pDm48kD0Jy8viVm6SfIX1mi2k_XV7gQa/_MG_0089gcoveredfc89.jpg]
[images.squarespace-cdn.com/content/v1/5704ec402fe131860c2138f3/1459957855881-Z2IWROW7RKJOS3XOIJON/ke17ZwdGBToddI8pDm48kDrvSGQhY9jqJPuKxz3Pt8RZw-z/12301384_734467390018945_108893526_nfc89.jpg]
[images.squarespace-cdn.com/content/v1/5704ec402fe131860c2138f3/1459941381597-XCGXPSGPHJPA61KJLCNW/ke17ZwdGBToddI8pDm48kNmOegSZNuyWxYXrx2hLofZ7gQa/IMG_4813sfc89.jpg]
[images.squarespace-cdn.com/content/v1/5704ec402fe131860c2138f3/1459944118435-EBFEPAMTPBXJMLGMIJV9/ke17ZwdGBToddI8pDm48kDh3qKKlf-8tObv5S1uxv0Z7gQa/IMG_1349fc89.jpg]
[images.squarespace-cdn.com/content/v1/5704ec402fe131860c2138f3/1459943423557-U828KQJQ6ONXWICGMGMC/ke17ZwdGBToddI8pDm48kHIVx5H81aRnvcmgk8YLy3x7gQa/_A9A2040afc89.jpg]
[images.squarespace-cdn.com/content/v1/5704ec402fe131860c2138f3/1459943434722-VE6QDLZYZW4F5LSYSDHX/ke17ZwdGBToddI8pDm48kJ4VMt_DHV7ezkN2RNI1gUhZw-z/_MG_2707fc89.jpg]
[images.squarespace-cdn.com/content/v1/5704ec402fe131860c2138f3/1459943622464-JMGVZOVNV7T3VEKI1GA4/ke17ZwdGBToddI8pDm48kNO2SymwcR0CNt03aX8zdCd7gQa/IMG_9289afc89.jpg]
[images.squarespace-cdn.com/content/v1/5704ec402fe131860c2138f3/1460576666746-C8INP0DF2J7SXFSY00W1/ke17ZwdGBToddI8pDm48kPJXHKy2-mnvrsdpGQjlhod7gQa/11374232_1454186064908688_1646867269_nfc89.jpg]
[images.squarespace-cdn.com/content/v1/5704ec402fe131860c2138f3/1459943695207-TUEM1E051N8DUEUUGP83/ke17ZwdGBToddI8pDm48kMnHRrpWSlSCB9XabjgyantZw-z/164877_495852321742_3282636_nfc89.jpg]
[images.squarespace-cdn.com/content/v1/5704ec402fe131860c2138f3/1459943855025-79RK5NVU7KPTFJ4JZNQP/ke17ZwdGBToddI8pDm48kNO2SymwcR0CNt03aX8zdCd7gQa/_MG_8007edfc89.jpg]
[images.squarespace-cdn.com/content/v1/5704ec402fe131860c2138f3/1475331399286-ZVG3B0Z9JT4UUBKASDEU/ke17ZwdGBToddI8pDm48kLkXF2pIyv_F2eUT9F60jBl7gQa/IMG_7220fc89.jpg]
[images.squarespace-cdn.com/content/v1/5704ec402fe131860c2138f3/1459944317112-UFBL0CVYTXI68UL6L2TS/ke17ZwdGBToddI8pDm48kABcDRnLqa7PAKXTrSZabsZZw-z/265124_588804194479814_510344798_nfc89.jpg]
[images.squarespace-cdn.com/content/v1/5704ec402fe131860c2138f3/1459944422988-S49L3XD3W5UQ7XEX7XZW/ke17ZwdGBToddI8pDm48kNO2SymwcR0CNt03aX8zdCd7gQa/_MG_9954fc89.jpg]
[images.squarespace-cdn.com/content/v1/5704ec402fe131860c2138f3/1459944530328-L87H9FF8VMJK45N7PTN4/ke17ZwdGBToddI8pDm48kMHrlPr37cjG4k3CGzbRBkB7gQa/I_MG_0316fc89.jpg]
[images.squarespace-cdn.com/content/v1/5704ec402fe131860c2138f3/1459944861746-5JV9PA7OML9OCH5LLYOL/ke17ZwdGBToddI8pDm48kPrZKV4ziOXly5GFahtRAUJ7gQa/IMG_9097afc89.jpg]
[images.squarespace-cdn.com/content/v1/5704ec402fe131860c2138f3/1459944973925-X2PF4PHUF347CQSK1HFE/ke17ZwdGBToddI8pDm48kKQ_gb5_MHGSgPXEivtFauN7gQa/Kimono+6fc89.jpg]
[images.squarespace-cdn.com/content/v1/5704ec402fe131860c2138f3/1459952340887-G53NKRHRGOF00SH9A1SE/ke17ZwdGBToddI8pDm48kA_SSaoz4elkj-HsZd8gX3Z7gQa/IMG_9518afc89.jpg]
[images.squarespace-cdn.com/content/v1/5704ec402fe131860c2138f3/1459952409417-2KO99RS833RKRCU94CXD/ke17ZwdGBToddI8pDm48kDh3qKKlf-8tObv5S1uxv0Z7gQa/IMG_9261fc89.jpg]
[images.squarespace-cdn.com/content/v1/5704ec402fe131860c2138f3/1459952505348-4LTEY62CUZWDJ95P5PEE/ke17ZwdGBToddI8pDm48kJjSgrez2WJnUMyWa7CyK0F7gQa/IMG_9181fc89.jpg]
[images.squarespace-cdn.com/content/v1/5704ec402fe131860c2138f3/1459953213541-30YH0Y2KW3IYHESKVE6S/ke17ZwdGBToddI8pDm48kGm_lmxn_JwT7UQFYPwQ7ZxZw-z/1509739_839535662739998_1209035932_nfc89.jpg]
[images.squarespace-cdn.com/content/v1/5704ec402fe131860c2138f3/1459958397087-KR5L9S31ZCG7UDOCZE6O/ke17ZwdGBToddI8pDm48kEpVg-ILAPna1wRh-xAJ9fRZw-z/11356950_1457958094518117_908790933_nfc89.jpg]
[images.squarespace-cdn.com/content/v1/5704ec402fe131860c2138f3/1460619061363-TJU8NGZ3OUB5EUG78TI2/ke17ZwdGBToddI8pDm48kHBbfE4neXUAb3QUyTWat5B7gQa/Kimono+4fc89.png]
[images.squarespace-cdn.com/content/v1/5704ec402fe131860c2138f3/1461853628443-KTJHMJXIPWL893H0EBIJ/ke17ZwdGBToddI8pDm48kDh3qKKlf-8tObv5S1uxv0Z7gQa/IMG_8754fc89.jpg]
[images.squarespace-cdn.com/content/v1/5704ec402fe131860c2138f3/1475331009100-5QDTHNDJ3NLB3KD5J4CT/ke17ZwdGBToddI8pDm48kMXRibDYMhUiookWqwUxEZ97gQa/IMG_7328fc89.jpg]
[images.squarespace-cdn.com/content/v1/5704ec402fe131860c2138f3/1475331201916-IPTZ4WTXNAG6M3MQR7IU/ke17ZwdGBToddI8pDm48kMXRibDYMhUiookWqwUxEZ97gQa/IMG_9290fc89.jpg]
[images.squarespace-cdn.com/content/v1/5704ec402fe131860c2138f3/1461853234721-IKWZMJ8CSWCCS46D0FBS/ke17ZwdGBToddI8pDm48kA2XZAxl8aCjW8F_HlvirXJZw-z/Interview-Model-Nigerian-Nikki-Anyansi-Zen-Magazine-Africa-2016-41.d5f]
[images.squarespace-cdn.com/content/v1/5704ec402fe131860c2138f3/1475331180369-20VH8SSFMH48IWWY2IDY/ke17ZwdGBToddI8pDm48kLkXF2pIyv_F2eUT9F60jBl7gQa/IMG_3622fc89.jpg]
[images.squarespace-cdn.com/content/v1/5704ec402fe131860c2138f3/1485519892069-EOISDQBTRZIOKMWKSY1G/ke17ZwdGBToddI8pDm48kE-o3_7Ny3aRhJRfwHpVEA57gQa/IMG_7530fc89.jpg]
[images.squarespace-cdn.com/content/v1/5704ec402fe131860c2138f3/1492594550052-QOJ0FF5777I0MOA206AG/ke17ZwdGBToddI8pDm48kFNOTvM5cHNZ8Wgiu0De53l7gQa/IMG_8684-2fc89.jpg]
[images.squarespace-cdn.com/content/v1/5704ec402fe131860c2138f3/1492595106030-7U0OJNQC6CG4Z6C2V7AL/ke17ZwdGBToddI8pDm48kPHB_L05xs0GXtsttb7uqVh7gQa/IMG_8115fc89.jpg]
[images.squarespace-cdn.com/content/v1/5704ec402fe131860c2138f3/1510308451253-FJJSS25DWYPUUZOI0RP9/ke17ZwdGBToddI8pDm48kNPOJWwSrwZk6_VKaiRYgVR7gQa/AIP_7572fc89.jpg]
[images.squarespace-cdn.com/content/v1/5704ec402fe131860c2138f3/1510309039687-7C45QOW5L4FOGA8GLBLX/ke17ZwdGBToddI8pDm48kOXHtDpy6ZpBuM-lr62KEkN7gQa/AIP_8522fc89.jpg]
[images.squarespace-cdn.com/content/v1/5704ec402fe131860c2138f3/1513779184673-GLRY3THESC3YEY2ZPNZ5/ke17ZwdGBToddI8pDm48kISFTi2zhQtSN8wHEHNS4GJ7gQa/AIP_7770+2fc89.jpg]
[images.squarespace-cdn.com/content/v1/5704ec402fe131860c2138f3/1513779204768-MVUQ2QR886QNLF7IGUM9/ke17ZwdGBToddI8pDm48kP-8in7uiTe-Bg5pN-A9aQIUqsx/Orafc89.jpg]
[images.squarespace-cdn.com/content/v1/5704ec402fe131860c2138f3/1523389893991-B41DCI1W3EPUAPHUQ8V0/ke17ZwdGBToddI8pDm48kNO2SymwcR0CNt03aX8zdCd7gQa/AIP_9355afc89.jpg]
[images.squarespace-cdn.com/content/v1/5704ec402fe131860c2138f3/1528813073786-BNB6BJZNADIK61P4FRY2/ke17ZwdGBToddI8pDm48kNO2SymwcR0CNt03aX8zdCd7gQa/AIP_8350fc89.jpg]
[images.squarespace-cdn.com/content/v1/5704ec402fe131860c2138f3/1548775598810-K5Y93KS6TS6EVZXGQJOY/ke17ZwdGBToddI8pDm48kJKo3YTR7zgUvInmXMbZ6zZ7gQa/AIP_1148fc89.jpg]
[images.squarespace-cdn.com/content/v1/5704ec402fe131860c2138f3/1563527383077-ORNMHFS5AX6KZRLM873W/ke17ZwdGBToddI8pDm48kMFiMyT1nneRMhnmfuSfpxZ7gQa/AIP_0625fc89.jpg]
[images.squarespace-cdn.com/content/v1/5704ec402fe131860c2138f3/1563931549266-W4ZI9EQU46CRHN5OGCLA/ke17ZwdGBToddI8pDm48kBH93ZDNgeurlBKXgrjQFgJ7gQa/AIP_5089fc89.jpg]
[images.squarespace-cdn.com/content/v1/5704ec402fe131860c2138f3/1563931691289-XGWMM0JZHCPW6PYZXW6Q/ke17ZwdGBToddI8pDm48kCOAyj279uyGW-U1TNOW9-R7gQa/E344708E-705A-4842-8885-BA0F4BAB856Cfc89.jpg]
[images.squarespace-cdn.com/content/v1/5704ec402fe131860c2138f3/1567080181424-T0UQ8SV1PU1HFWGWPHW9/ke17ZwdGBToddI8pDm48kNO2SymwcR0CNt03aX8zdCd7gQa/publicfc89.jpg]
[images.squarespace-cdn.com/content/v1/5704ec402fe131860c2138f3/1571737202922-TDB4T7VMMYAKKUDMD8SM/ke17ZwdGBToddI8pDm48kEAmPs4195cwn1HLpf1-hjF7gQa/AIP_9209fc89.jpg]
[images.squarespace-cdn.com/content/v1/5704ec402fe131860c2138f3/1591353157520-S8M14OLTPTG40ZHTOYRA/ke17ZwdGBToddI8pDm48kHH9S2ID7_bpupQnTdrPcoF7gQa/AIP_3890fc89.jpg]
[images.squarespace-cdn.com/content/v1/5704ec402fe131860c2138f3/1591354072491-K0I5A3GC7A831SGCMOZZ/ke17ZwdGBToddI8pDm48kOeC2_vIwtkNO4KLfB1JIsJ7gQa/AIP_3110fc89.jpg]
[images.squarespace-cdn.com/content/v1/5704ec402fe131860c2138f3/1591354078903-EYIJ0NY74YUP9VKV8BEF/ke17ZwdGBToddI8pDm48kGNkKjeEUqqaFYbs5FKkWFAUqsx/E963EB82-89F7-4071-BC67-1A9820488B9Bfc89.jpg]
[images.squarespace-cdn.com/content/v1/5704ec402fe131860c2138f3/1591354208400-BX5RBSNI8PE3F0CM35XU/ke17ZwdGBToddI8pDm48kOeC2_vIwtkNO4KLfB1JIsJ7gQa/AIP_9334+copyfc89.jpg]
[images.squarespace-cdn.com/content/v1/5704ec402fe131860c2138f3/1591354318464-G2O3VWQGQOZMSPQC8HZK/ke17ZwdGBToddI8pDm48kKBZKe-dq6B6n-DZFWf96cR7gQa/C8427F26-6D25-4BC8-B483-61E84E7F9F33fc89.jpg]
[images.squarespace-cdn.com/content/v1/5704ec402fe131860c2138f3/1591354332669-S8F3CCJTQSOQKDWOCGR3/ke17ZwdGBToddI8pDm48kGNkKjeEUqqaFYbs5FKkWFAUqsx/73104155-1FB3-439B-B7B4-56F51DFDAAA9fc89.jpg]
[images.squarespace-cdn.com/content/v1/5704ec402fe131860c2138f3/1591354362258-TUN58U8S59QJE260UCAE/ke17ZwdGBToddI8pDm48kHH9S2ID7_bpupQnTdrPcoF7gQa/AIP_6691afc89.jpg]
[images.squarespace-cdn.com/content/v1/5704ec402fe131860c2138f3/1591354697101-H20DW3E45JHMF7LMCAG5/ke17ZwdGBToddI8pDm48kOeC2_vIwtkNO4KLfB1JIsJ7gQa/AIP_1243afc89.jpg]
[images.squarespace-cdn.com/content/v1/5704ec402fe131860c2138f3/1596060270936-XVP6GIJGVH0PSI6WWPQJ/ke17ZwdGBToddI8pDm48kJKo3YTR7zgUvInmXMbZ6zZ7gQa/AIP_6112Ufc89.jpg]
[images.squarespace-cdn.com/content/v1/5704ec402fe131860c2138f3/1597621078558-UM6OKZLWXW6Q1IV4BU5Y/ke17ZwdGBToddI8pDm48kHH9S2ID7_bpupQnTdrPcoF7gQa/AIP_3289fc89.jpg]
[images.squarespace-cdn.com/content/v1/5704ec402fe131860c2138f3/1606638149365-2CHSQOR961NMI67Q0UYB/ke17ZwdGBToddI8pDm48kJKo3YTR7zgUvInmXMbZ6zZ7gQa/AIP_9552Xfc89.jpg]
[images.squarespace-cdn.com/content/v1/5704ec402fe131860c2138f3/1597621097120-4XDAE5H8OKM7NX8SXGUB/ke17ZwdGBToddI8pDm48kHH9S2ID7_bpupQnTdrPcoF7gQa/AIP_0433fc89.jpg]
[images.squarespace-cdn.com/content/v1/5704ec402fe131860c2138f3/1597621125914-IMH679H0JS47HM7AKUJN/ke17ZwdGBToddI8pDm48kMFiMyT1nneRMhnmfuSfpxZ7gQa/AIP_0913afc89.jpg]
[images.squarespace-cdn.com/content/v1/5704ec402fe131860c2138f3/1604788631731-NPV8FSIV7NI1CVXXZ189/ke17ZwdGBToddI8pDm48kGNkKjeEUqqaFYbs5FKkWFAUqsx/8ACB6884-576C-432A-AE51-B1104947FC00fc89.jpg]
[images.squarespace-cdn.com/content/v1/5704ec402fe131860c2138f3/1604788635034-BGAXXE7RQUYOL8T296V6/ke17ZwdGBToddI8pDm48kHH9S2ID7_bpupQnTdrPcoF7gQa/AIP_9536Afc89.jpg]
[images.squarespace-cdn.com/content/v1/5704ec402fe131860c2138f3/1604788653443-NZ7HWUFI25XFHZ19PMBA/ke17ZwdGBToddI8pDm48kGNkKjeEUqqaFYbs5FKkWFAUqsx/231A36F2-7407-47EF-86BC-04CFD4CB7189fc89.jpg]
[images.squarespace-cdn.com/content/v1/5704ec402fe131860c2138f3/1604788678268-N6M0P50QUHQPYEDQTT9D/ke17ZwdGBToddI8pDm48kEZIzWrG_xiLp6VCSrFiEsh7gQa/719EE2DA-9A18-407A-87B9-2DFCCA2F793Efc89.jpg]
[images.squarespace-cdn.com/content/v1/5704ec402fe131860c2138f3/1604788694875-V66I3EQP9S1RALNOYQDF/ke17ZwdGBToddI8pDm48kCOAyj279uyGW-U1TNOW9-R7gQa/AIP_0809fc89.jpg]
[images.squarespace-cdn.com/content/v1/5704ec402fe131860c2138f3/1604788697574-5JDRAF6DKLJ4GQS00085/ke17ZwdGBToddI8pDm48kGNkKjeEUqqaFYbs5FKkWFAUqsx/91CA1FEA-BC51-43C8-8350-348DAEF855B1fc89.jpg]
[images.squarespace-cdn.com/content/v1/5704ec402fe131860c2138f3/1604788714563-71G9EQLHXF0K0O7DS6L3/ke17ZwdGBToddI8pDm48kOeC2_vIwtkNO4KLfB1JIsJ7gQa/AIP_7734fc89.jpg]
[images.squarespace-cdn.com/content/v1/5704ec402fe131860c2138f3/1604788725440-DU85WWAP2EHJ5RDX8YH2/ke17ZwdGBToddI8pDm48kHH9S2ID7_bpupQnTdrPcoF7gQa/AIP_9105afc89.jpg]
[images.squarespace-cdn.com/content/v1/5704ec402fe131860c2138f3/1604788736679-V1X2X2CBPR58Q2Z35EKR/ke17ZwdGBToddI8pDm48kCOAyj279uyGW-U1TNOW9-R7gQa/AIP_6800fc89.jpg]
[images.squarespace-cdn.com/content/v1/5704ec402fe131860c2138f3/1604788749595-XT1SMT2NYQHQFJ2L3I4R/ke17ZwdGBToddI8pDm48kMFiMyT1nneRMhnmfuSfpxZ7gQa/AIP_7973+copyfc89.jpg]
[images.squarespace-cdn.com/content/v1/5704ec402fe131860c2138f3/1604788761558-RD1U98B5UAUDAYX7KZKR/ke17ZwdGBToddI8pDm48kOeC2_vIwtkNO4KLfB1JIsJ7gQa/AIP_9997fc89.jpg]
[images.squarespace-cdn.com/content/v1/5704ec402fe131860c2138f3/1604788778103-1RTMG3K6V1HWRJNN1P9A/ke17ZwdGBToddI8pDm48kMFiMyT1nneRMhnmfuSfpxZ7gQa/AIP_1887+copyfc89.jpg]
[images.squarespace-cdn.com/content/v1/5704ec402fe131860c2138f3/1604789121660-4ONDJ2ZRB8OZ42PSKCPZ/ke17ZwdGBToddI8pDm48kEZIzWrG_xiLp6VCSrFiEsh7gQa/719EE2DA-9A18-407A-87B9-2DFCCA2F793Efc89.jpg]
[images.squarespace-cdn.com/content/v1/5704ec402fe131860c2138f3/1604792784592-E6HZQA4IPDRTL6KRGNZF/ke17ZwdGBToddI8pDm48kHH9S2ID7_bpupQnTdrPcoF7gQa/AIP_9536Afc89.jpg]
[images.squarespace-cdn.com/content/v1/5704ec402fe131860c2138f3/1612274520388-UBSNAWOZXRKEEZPM81CS/ke17ZwdGBToddI8pDm48kOeC2_vIwtkNO4KLfB1JIsJ7gQa/AIP_0869fc89.jpg]
[images.squarespace-cdn.com/content/v1/5704ec402fe131860c2138f3/1614773319990-ZZ7NJE7YQYQDR694LOG4/ke17ZwdGBToddI8pDm48kJKo3YTR7zgUvInmXMbZ6zZ7gQa/AIP_5025fc89.jpg]
[www.ahamibeleme.com/index.html]
[assets.squarespace.com/universal/images-v6/standard/icon_close_7_light.png]
[assets.squarespace.com/universal/images-v6/damask/cart-16-light.png]
[static1.squarespace.com/static/ta/4fbff6b4c4aac2e9749c152f/865/scripts/combo/indexbaa6.html]
[assets.squarespace.com/universal/images-v6/damask/cart-32-light.png]
[assets.squarespace.com/universal/images-v6/icons/icon-cart-18-dark.png]
[assets.squarespace.com/universal/styles-compressed/commerce-0418f029ba9aeb9db8790-min.en-US.css]
[assets.squarespace.com/universal/images-v6/damask/error-dark.png]
[assets.squarespace.com/universal/images-v6/damask/error-dark@2x.png]
[assets.squarespace.com/universal/images-v6/damask/play-button.png]
[assets.squarespace.com/universal/images-v6/damask/play-button@2x.png]
[assets.squarespace.com/universal/images-v6/damask/edit-aviary-light.png]
[assets.squarespace.com/universal/images-v6/damask/edit-aviary-light@2x.png]
[assets.squarespace.com/universal/images-v6/damask/edit-info-light.png]
[assets.squarespace.com/universal/images-v6/damask/edit-info-light@2x.png]
[assets.squarespace.com/universal/images-v6/damask/trash-9-light.png]
[assets.squarespace.com/universal/images-v6/damask/trash-9-light@2x.png]
[assets.squarespace.com/universal/images-v6/damask/trash-9-red.png]
[assets.squarespace.com/universal/images-v6/damask/trash-9-red@2x.png]
[assets.squarespace.com/universal/images-v6/damask/getty-16-light.png]
[assets.squarespace.com/universal/images-v6/damask/getty-32-light.png]
[assets.squarespace.com/universal/images-v6/damask/shopping-cart-16-light.png]
[assets.squarespace.com/universal/images-v6/damask/shopping-cart-32-light.png]
[static1.squarespace.com/universal/images-v6/icons/block-indicator-dark.png]
[static1.squarespace.com/universal/images-v6/icons/block-indicator-dark@2x.png]
[static1.squarespace.com/universal/images-v6/icons/opentable-icons.png]
[static1.squarespace.com/universal/images-v6/icons/icon-searchqueries-20-dark.png]
[static1.squarespace.com/universal/images-v6/icons/icon-searchqueries-20-light.png]
[assets.squarespace.com/universal/images-v6/icons/icon-video-24-light-solid.png]
[static1.squarespace.com/universal/images-v6/damask/image-inside-64-dark.png]
[static1.squarespace.com/universal/images-v6/damask/image-inside-128-dark.png]
[assets.squarespace.com/universal/images-v6/icons/icon-settings-16-light.png]
[static1.squarespace.com/static/sitecss/5704ec402fe131860c2138f3/34/4fbff70b84aeca67fb3a3c56/5704ec412fe131860c2138fa/865-05142015/1610723847176/site.css]
[www.ahamibeleme.com/POST.124.delayed]
[connect.facebook.net/en_US/fbevents.js]
[assets.squarespace.com/universal/styles-compressed/slide-normalize-f3e05d707a08546a77c65-min.en-US.css]
[use.typekit.net/ik/j6jShyorRE48Xkct7_WccMlI9KLnOUMP1t8CtaSvs3Ife0qIf4e6pUJ6wRMU5QwXFmvuFDMXZAwXw24cZQIDwQ6hwewkwQwtZRw-R3w7OcBRiA8XpWFR-emqiAUTdcS0jhNlOfG0jAFu-WsoShFGZAsude80Zko0ZWbCHKoy-eBlOA8KZAU8dA9l-Qb3SPoDSWmyS]
[assets.squarespace.com/universal/scripts-compressed/moment-js-vendor-26ddeab7fa5f90b6c8cb3-min.en-US.js]
[assets.squarespace.com/universal/styles-compressed/slides-b005224bee294bcf551e1-min.en-US.css]
[assets.squarespace.com/universal/scripts-compressed/performance-cc61d48bf041a0f2110fa-min.en-US.js]
[www.ahamibeleme.com/new-products/the-retouching-sessions.html]
[www.ahamibeleme.com/theretouchingsessions.html]
[assets.squarespace.com/universal/scripts-compressed/common-vendors-6d6bd0508e877e43aa6b9-min.en-US.js]
[assets.squarespace.com/universal/scripts-compressed/slides-57c9a2e3a15066c3b7aa1-min.en-US.js]
[assets.squarespace.com/universal/scripts-compressed/common-36d0eab8a2d9df149aa13-min.en-US.js]
[assets.squarespace.com/universal/scripts-compressed/common-vendors-4c95cb0df13d73249a184-min.en-US.js]
[images.squarespace-cdn.com/content/v1/5704ec402fe131860c2138f3/1459946617542-RE29R1DOED8ZU1N44XG1/ke17ZwdGBToddI8pDm48kDh3qKKlf-8tObv5S1uxv0Z7gQa/_MG_1643fc89.jpg]
[assets.squarespace.com/universal/scripts-compressed/performance-a7b609eccb65e08a74111-min.en-US.js]
[images.squarespace-cdn.com/content/v1/5704ec402fe131860c2138f3/1459946627834-A2FS9YLBGHXQNCHN43TJ/ke17ZwdGBToddI8pDm48kDh3qKKlf-8tObv5S1uxv0Z7gQa/_MG_2114fc89.jpg]
[images.squarespace-cdn.com/content/v1/5704ec402fe131860c2138f3/1459946655072-LGE9228HLXC2X6Y7MJIR/ke17ZwdGBToddI8pDm48kDh3qKKlf-8tObv5S1uxv0Z7gQa/_MG_2128afc89.jpg]
[images.squarespace-cdn.com/content/v1/5704ec402fe131860c2138f3/1459946637899-RCGHWPEWOQBM431UFQ2V/ke17ZwdGBToddI8pDm48kA_SSaoz4elkj-HsZd8gX3Z7gQa/_MG_3726fc89.jpg]
[images.squarespace-cdn.com/content/v1/5704ec402fe131860c2138f3/1459946671692-SG60DF4Z4UY9UQH5PQCW/ke17ZwdGBToddI8pDm48kDh3qKKlf-8tObv5S1uxv0Z7gQa/_MG_3733fc89.jpg]
[images.squarespace-cdn.com/content/v1/5704ec402fe131860c2138f3/1459946663315-LMAQFMPQ4R0EOYD9LEC5/ke17ZwdGBToddI8pDm48kA_SSaoz4elkj-HsZd8gX3Z7gQa/_MG_3752fc89.jpg]
[images.squarespace-cdn.com/content/v1/5704ec402fe131860c2138f3/1459946683895-5IA39LWA3WO6XLAWYKUH/ke17ZwdGBToddI8pDm48kDh3qKKlf-8tObv5S1uxv0Z7gQa/_MG_3754fc89.jpg]
[images.squarespace-cdn.com/content/v1/5704ec402fe131860c2138f3/1459946683017-BCMDU6CW4R44UK38OXNA/ke17ZwdGBToddI8pDm48kA_SSaoz4elkj-HsZd8gX3Z7gQa/_MG_3758fc89.jpg]
[images.squarespace-cdn.com/content/v1/5704ec402fe131860c2138f3/1459946691275-KF7S5CV230ZVZ4VYGDK8/ke17ZwdGBToddI8pDm48kA_SSaoz4elkj-HsZd8gX3Z7gQa/_MG_3797-2afc89.jpg]
[images.squarespace-cdn.com/content/v1/5704ec402fe131860c2138f3/1459946710441-YZWT4KSJSUMAFXBO52Q8/ke17ZwdGBToddI8pDm48kDh3qKKlf-8tObv5S1uxv0Z7gQa/_MG_3817fc89.jpg]
[assets.squarespace.com/universal/scripts-compressed/common-5e7c4cdd61e077a7d1b86-min.en-US.js]
[assets.squarespace.com/universal/scripts-compressed/commerce-2448662b1bfe7f1d7cc4f-min.en-US.js]
[images.squarespace-cdn.com/content/v1/5704ec402fe131860c2138f3/1459946717874-4GJZ8V8W64L4XT2ZT3BJ/ke17ZwdGBToddI8pDm48kDh3qKKlf-8tObv5S1uxv0Z7gQa/_MG_7182fc89.jpg]
[images.squarespace-cdn.com/content/v1/5704ec402fe131860c2138f3/1459946737363-RYIZDWIOV09BJPCYZ2NV/ke17ZwdGBToddI8pDm48kDh3qKKlf-8tObv5S1uxv0Z7gQa/_MG_7184afc89.jpg]
[images.squarespace-cdn.com/content/v1/5704ec402fe131860c2138f3/1459946776200-CJL1CB0VLEB4H8CPHF15/ke17ZwdGBToddI8pDm48kDh3qKKlf-8tObv5S1uxv0Z7gQa/_MG_7198afc89.jpg]
[images.squarespace-cdn.com/content/v1/5704ec402fe131860c2138f3/1459946784278-5IGVO0O6TIMJEN3BF3T4/ke17ZwdGBToddI8pDm48kDh3qKKlf-8tObv5S1uxv0Z7gQa/_MG_7228fc89.jpg]
[images.squarespace-cdn.com/content/v1/5704ec402fe131860c2138f3/1459946792685-N4TPFRSN4G67YNNHNEIP/ke17ZwdGBToddI8pDm48kDh3qKKlf-8tObv5S1uxv0Z7gQa/_MG_7247fc89.jpg]
[images.squarespace-cdn.com/content/v1/5704ec402fe131860c2138f3/1459946805365-FSI7NZ8FS8OUNYMM45R5/ke17ZwdGBToddI8pDm48kDh3qKKlf-8tObv5S1uxv0Z7gQa/_MG_7272a+copyfc89.jpg]
[images.squarespace-cdn.com/content/v1/5704ec402fe131860c2138f3/1459946814439-8RMOT70UTZE7HGMXH171/ke17ZwdGBToddI8pDm48kJGbk6X6cDh_eGBFmq7Gjzd7gQa/_MG_7279fc89.jpg]
[images.squarespace-cdn.com/content/v1/5704ec402fe131860c2138f3/1459946823337-1QF2WTNDYR4UADJEM9ZT/ke17ZwdGBToddI8pDm48kDh3qKKlf-8tObv5S1uxv0Z7gQa/_MG_7285afc89.jpg]
[images.squarespace-cdn.com/content/v1/5704ec402fe131860c2138f3/1459946886107-JEE907L1D6QAY1DNDVLG/ke17ZwdGBToddI8pDm48kDh3qKKlf-8tObv5S1uxv0Z7gQa/_MG_7307+copyfc89.jpg]
[images.squarespace-cdn.com/content/v1/5704ec402fe131860c2138f3/1459947275585-WQ7M3TI5V2NDDJNN9SOO/ke17ZwdGBToddI8pDm48kA_SSaoz4elkj-HsZd8gX3Z7gQa/_MG_3797-2afc89.jpg]
[images.squarespace-cdn.com/content/v1/5704ec402fe131860c2138f3/1459947314735-OKD2IYO883VEIEBRQ974/ke17ZwdGBToddI8pDm48kDh3qKKlf-8tObv5S1uxv0Z7gQa/_MG_7290fc89.jpg]
[images.squarespace-cdn.com/content/v1/5704ec402fe131860c2138f3/1459947343635-KQJK8TLZOX9EU133MCUD/ke17ZwdGBToddI8pDm48kA_SSaoz4elkj-HsZd8gX3Z7gQa/_MG_3833-2fc89.jpg]
[www.ahamibeleme.com/travel.html]
[images.squarespace-cdn.com/content/v1/5704ec402fe131860c2138f3/1459947927463-W4YV1BWU9S4P1VWVMNHZ/ke17ZwdGBToddI8pDm48kA_SSaoz4elkj-HsZd8gX3Z7gQa/_MG_0655fc89.jpg]
[images.squarespace-cdn.com/content/v1/5704ec402fe131860c2138f3/1459957449462-4BZ3R0F4K7GD8QBL9S8X/ke17ZwdGBToddI8pDm48kOvcjzS5ZFPoZIKSw9M2T3YUqsx/12783359_1234369996577923_2059508553_nfc89.jpg]
[images.squarespace-cdn.com/content/v1/5704ec402fe131860c2138f3/1485524695657-B9LSHBPYNRVW1OQTVNCP/ke17ZwdGBToddI8pDm48kMXRibDYMhUiookWqwUxEZ97gQa/IMG_7783fc89.jpg]
[images.squarespace-cdn.com/content/v1/5704ec402fe131860c2138f3/1459947933049-MHEYUXFKVVPLI7SXX9M1/ke17ZwdGBToddI8pDm48kNO2SymwcR0CNt03aX8zdCd7gQa/_MG_0898fc89.jpg]
[images.squarespace-cdn.com/content/v1/5704ec402fe131860c2138f3/1459947925625-E0YFZWNJWK9PH7JS0JYW/ke17ZwdGBToddI8pDm48kA_SSaoz4elkj-HsZd8gX3Z7gQa/_MG_0447fc89.jpg]
[images.squarespace-cdn.com/content/v1/5704ec402fe131860c2138f3/1485533149877-GZO9D6U5QE54GVXR1XE0/ke17ZwdGBToddI8pDm48kLkXF2pIyv_F2eUT9F60jBl7gQa/IMG_5057fc89.jpg]
[images.squarespace-cdn.com/content/v1/5704ec402fe131860c2138f3/1459947927694-VCCZQ8CSXGJH2CKHQH88/ke17ZwdGBToddI8pDm48kApbuc2Mjd8RqHw37dy1rgZ7gQa/_MG_0514fc89.jpg]
[images.squarespace-cdn.com/content/v1/5704ec402fe131860c2138f3/1459947929644-FEY8PM1CSHALZCF9E1H0/ke17ZwdGBToddI8pDm48kA_SSaoz4elkj-HsZd8gX3Z7gQa/_MG_0805fc89.jpg]
[images.squarespace-cdn.com/content/v1/5704ec402fe131860c2138f3/1459947959719-KCPKHDKKEC8Y24E8G7H9/ke17ZwdGBToddI8pDm48kBkk4yFuE3CucBOgUvkFyId7gQa/_MG_7819fc89.jpg]
[images.squarespace-cdn.com/content/v1/5704ec402fe131860c2138f3/1459947939262-5VBNCMUO0M1EO4C7HPNB/ke17ZwdGBToddI8pDm48kGcNdrYvL6sOaYGJu-IYiQ57gQa/_MG_0909fc89.jpg]
[images.squarespace-cdn.com/content/v1/5704ec402fe131860c2138f3/1459947930465-Z7GC29MPU78H47KA07IK/ke17ZwdGBToddI8pDm48kA_SSaoz4elkj-HsZd8gX3Z7gQa/_MG_0815fc89.jpg]
[images.squarespace-cdn.com/content/v1/5704ec402fe131860c2138f3/1459947931962-N61IK3J4C18LHBWVLO72/ke17ZwdGBToddI8pDm48kA_SSaoz4elkj-HsZd8gX3Z7gQa/_MG_0884fc89.jpg]
[images.squarespace-cdn.com/content/v1/5704ec402fe131860c2138f3/1459947935959-5K4BKO66GMEN4JR28E6X/ke17ZwdGBToddI8pDm48kA_SSaoz4elkj-HsZd8gX3Z7gQa/_MG_1294fc89.jpg]
[images.squarespace-cdn.com/content/v1/5704ec402fe131860c2138f3/1459947937980-OEBM3ISPQDCBS06FJLIG/ke17ZwdGBToddI8pDm48kNsNwxD1le8oW28ahMwECZF7gQa/_MG_1850afc89.jpg]
[images.squarespace-cdn.com/content/v1/5704ec402fe131860c2138f3/1459947948593-V5HGX4WZQBUBYLJM0W35/ke17ZwdGBToddI8pDm48kNmOegSZNuyWxYXrx2hLofZ7gQa/_MG_5140fc89.jpg]
[images.squarespace-cdn.com/content/v1/5704ec402fe131860c2138f3/1459947952749-JHRAN8MQCRULD05R46OG/ke17ZwdGBToddI8pDm48kDh3qKKlf-8tObv5S1uxv0Z7gQa/_MG_5296fc89.jpg]
[images.squarespace-cdn.com/content/v1/5704ec402fe131860c2138f3/1459947957376-SONMWFF2P7KC4P77YTBR/ke17ZwdGBToddI8pDm48kDh3qKKlf-8tObv5S1uxv0Z7gQa/_MG_6309fc89.jpg]
[images.squarespace-cdn.com/content/v1/5704ec402fe131860c2138f3/1459947957480-DIRRMH7SJE1MLX6VJ9P0/ke17ZwdGBToddI8pDm48kLcvzdv78BG7UsvGo9NoB7BZw-z/_MG_6407vbfc89.jpg]
[images.squarespace-cdn.com/content/v1/5704ec402fe131860c2138f3/1459947961869-AC6V2Y46SEG5D380KJC6/ke17ZwdGBToddI8pDm48kApbuc2Mjd8RqHw37dy1rgZ7gQa/_MG_8249fc89.jpg]
[images.squarespace-cdn.com/content/v1/5704ec402fe131860c2138f3/1459947964060-ULRA56M9ONV3BQCR8P9M/ke17ZwdGBToddI8pDm48kGQR9i6JrZitxmRu_bYv5vJ7gQa/_MG_8934fc89.jpg]
[images.squarespace-cdn.com/content/v1/5704ec402fe131860c2138f3/1459947967818-Y1Z56NE4XM79MYCOU88F/ke17ZwdGBToddI8pDm48kNBhxsR5AixTPaSt36FQjZRZw-z/_MG_9004fc89.jpg]
[images.squarespace-cdn.com/content/v1/5704ec402fe131860c2138f3/1459947973260-8WPV5VKV5LZASS97LOCH/ke17ZwdGBToddI8pDm48kA_SSaoz4elkj-HsZd8gX3Z7gQa/_MG_9505fc89.jpg]
[images.squarespace-cdn.com/content/v1/5704ec402fe131860c2138f3/1485533364607-KU99F5KGYU438GZE9N5T/ke17ZwdGBToddI8pDm48kLkXF2pIyv_F2eUT9F60jBl7gQa/IMG_5002fc89.jpg]
[images.squarespace-cdn.com/content/v1/5704ec402fe131860c2138f3/1459947976127-9P4Y7LTRMUD1YQJSK5M2/ke17ZwdGBToddI8pDm48kJjOavswEaoydFE-iI7DxJd7gQa/_MG_9764afc89.jpg]
[images.squarespace-cdn.com/content/v1/5704ec402fe131860c2138f3/1459947980344-TWRIXMMPG1RXM88P4E5D/ke17ZwdGBToddI8pDm48kNBhxsR5AixTPaSt36FQjZRZw-z/_MG_9970fc89.jpg]
[images.squarespace-cdn.com/content/v1/5704ec402fe131860c2138f3/1459948001107-K8NVP8YQYFWSNGE77THF/ke17ZwdGBToddI8pDm48kDKitEUeTfBwYkb74WNl-R17gQa/001-002fc89.jpg]
[images.squarespace-cdn.com/content/v1/5704ec402fe131860c2138f3/1459947983515-2VK7GSU5WKWWYAQWEFOV/ke17ZwdGBToddI8pDm48kA_SSaoz4elkj-HsZd8gX3Z7gQa/1fc89.jpg]
[images.squarespace-cdn.com/content/v1/5704ec402fe131860c2138f3/1459947995196-8XB3WL5HRC23HR1DPLT1/ke17ZwdGBToddI8pDm48kA_SSaoz4elkj-HsZd8gX3Z7gQa/IMG_2012fc89.jpg]
[images.squarespace-cdn.com/content/v1/5704ec402fe131860c2138f3/1459947998343-10AWYFRSQALLMABZ011P/ke17ZwdGBToddI8pDm48kA_SSaoz4elkj-HsZd8gX3Z7gQa/IMG_5205fc89.jpg]
[images.squarespace-cdn.com/content/v1/5704ec402fe131860c2138f3/1459948001471-7HCT4918X2CU5D8GICAL/ke17ZwdGBToddI8pDm48kA_SSaoz4elkj-HsZd8gX3Z7gQa/IMG_5287fc89.jpg]
[images.squarespace-cdn.com/content/v1/5704ec402fe131860c2138f3/1459948005174-0VBDXN4RFCLJDYAWLM97/ke17ZwdGBToddI8pDm48kA_SSaoz4elkj-HsZd8gX3Z7gQa/IMG_5342fc89.jpg]
[images.squarespace-cdn.com/content/v1/5704ec402fe131860c2138f3/1459947991024-CL2VIB5FAIW307KTMQ92/ke17ZwdGBToddI8pDm48kA_SSaoz4elkj-HsZd8gX3Z7gQa/IMG_1986fc89.jpg]
[images.squarespace-cdn.com/content/v1/5704ec402fe131860c2138f3/1459948004709-2QWLE6MU2NN0OZO2I8CA/ke17ZwdGBToddI8pDm48kA_SSaoz4elkj-HsZd8gX3Z7gQa/IMG_5444fc89.jpg]
[images.squarespace-cdn.com/content/v1/5704ec402fe131860c2138f3/1459948034499-9S0DW6U1MEUGRTO954P0/ke17ZwdGBToddI8pDm48kNuVjYxPllb2gCnZ_NIkVq97gQa/IMG_6183fc89.jpg]
[images.squarespace-cdn.com/content/v1/5704ec402fe131860c2138f3/1479759603556-ZESB5D6RD7SOHP61VGIG/ke17ZwdGBToddI8pDm48kLkXF2pIyv_F2eUT9F60jBl7gQa/IMG_9726fc89.jpg]
[images.squarespace-cdn.com/content/v1/5704ec402fe131860c2138f3/1479759664685-LMJ6I5HXRUGL0YZQBZFC/ke17ZwdGBToddI8pDm48kLkXF2pIyv_F2eUT9F60jBl7gQa/IMG_9758fc89.jpg]
[images.squarespace-cdn.com/content/v1/5704ec402fe131860c2138f3/1479759700559-BVLWKSXVII81S7LF649H/ke17ZwdGBToddI8pDm48kLkXF2pIyv_F2eUT9F60jBl7gQa/IMG_7486fc89.jpg]
[images.squarespace-cdn.com/content/v1/5704ec402fe131860c2138f3/1479761081834-FRFA4SV80JINTX8MFLV6/ke17ZwdGBToddI8pDm48kDyb_mH8u0ZDa0v-p0TlulIUqsx/Esteefc89.jpg]
[images.squarespace-cdn.com/content/v1/5704ec402fe131860c2138f3/1485524396774-MYC7A5N5QP0EXUO91RY2/ke17ZwdGBToddI8pDm48kDOlQqUhua-We4CypiL52LF7gQa/IMG_7772fc89.jpg]
[images.squarespace-cdn.com/content/v1/5704ec402fe131860c2138f3/1485524552118-DYX4ZLCQO3DZODMLH5DW/ke17ZwdGBToddI8pDm48kK3gwA85r8Zu-WSTMfA_iFB7gQa/IMG_7671fc89.jpg]
[images.squarespace-cdn.com/content/v1/5704ec402fe131860c2138f3/1485524699633-ETORZAZMNKJQJY5NAOCC/ke17ZwdGBToddI8pDm48kA_SSaoz4elkj-HsZd8gX3Z7gQa/1fc89.jpg]
[images.squarespace-cdn.com/content/v1/5704ec402fe131860c2138f3/1485524717996-NQ9W2CTB7MJFT6F8GLLL/ke17ZwdGBToddI8pDm48kA_SSaoz4elkj-HsZd8gX3Z7gQa/IMG_709dfc89.jpg]
[images.squarespace-cdn.com/content/v1/5704ec402fe131860c2138f3/1485524898191-HAQJFVEPF7FCRNDZS4TU/ke17ZwdGBToddI8pDm48kLkXF2pIyv_F2eUT9F60jBl7gQa/IMG_1615afc89.jpg]
[images.squarespace-cdn.com/content/v1/5704ec402fe131860c2138f3/1485524936778-0QO8J5KZRU2FCZ5D5GHF/ke17ZwdGBToddI8pDm48kA_SSaoz4elkj-HsZd8gX3Z7gQa/IMG_3831fc89.jpg]
[images.squarespace-cdn.com/content/v1/5704ec402fe131860c2138f3/1485527872014-LU78TW9KPSFTFDYNOQ86/ke17ZwdGBToddI8pDm48kA_SSaoz4elkj-HsZd8gX3Z7gQa/_MG_0822fc89.jpg]
[images.squarespace-cdn.com/content/v1/5704ec402fe131860c2138f3/1485527884307-87W5ASYJ3RWTASD0E5KV/ke17ZwdGBToddI8pDm48kA_SSaoz4elkj-HsZd8gX3Z7gQa/IMG_6983fc89.jpg]
[images.squarespace-cdn.com/content/v1/5704ec402fe131860c2138f3/1485533230329-HI4UFU7T7XPXK9KBIF2K/ke17ZwdGBToddI8pDm48kLkXF2pIyv_F2eUT9F60jBl7gQa/IMG_6365fc89.jpg]
[images.squarespace-cdn.com/content/v1/5704ec402fe131860c2138f3/1485533280498-YJBLQHZP7PJ3RIZM2GC1/ke17ZwdGBToddI8pDm48kCORqINZYXcQMvZWXGFSXzx7gQa/IMG_3893fc89.jpg]
[www.ahamibeleme.com/weddings.html]
[www.ahamibeleme.com/beauty.html]
[www.ahamibeleme.com/workshops.html]
[www.ahamibeleme.com/aipworkshops.html]
[www.ahamibeleme.com/aipworkshop3.html]
[assets.squarespace.com/universal/scripts-compressed/slides-153582c84f333c77eb65c-min.en-US.js]
[www.ahamibeleme.com/aipworkshops40.html]
[www.ahamibeleme.com/the-workshop-50.html]
[www.ahamibeleme.com/the-workshop-60.html]
[www.ahamibeleme.com/the-workshop7.html]
[assets.squarespace.com/universal/scripts-compressed/slides-ac23b8ed4441207f4a5b1-min.en-US.js]
[assets.squarespace.com/universal/scripts-compressed/common-9e9a8d582c4b25a1eaefe-min.en-US.js]
[assets.squarespace.com/universal/scripts-compressed/slides-dda2a9390bbab02f3a6b7-min.en-US.js]
[www.ahamibeleme.com/the-workshop-80.html]
[www.ahamibeleme.com/testimonials.html]
[www.ahamibeleme.com/one-on-one-photography-training.html]
[www.ahamibeleme.com/talamode-makeup-online-class.html]
[www.ahamibeleme.com/new-products80b5.html]
[www.ahamibeleme.com/new-products/jklbndp3cm2eb2e8mkd7yb4yc5lzh5.html]
[www.ahamibeleme.com/new-products/m9u5kmar463eyxs6c4e4s9xskvv6ho.html]
[www.ahamibeleme.com/new-products/lightroom-presets-for-mobile-and-desktop.html]
[www.ahamibeleme.com/new-products/aip2pro-teal-orange-color-grade.html]
[www.ahamibeleme.com/new-products/aip2pro-teal-orange-color-grade-1.html]
[www.ahamibeleme.com/new-products/aip-lut.html]
[www.ahamibeleme.com/new-products/black-and-white-grungy-retouch.html]
[www.ahamibeleme.com/new-products/tutorial-video-cinematic-color-grading-retouch.html]
[www.ahamibeleme.com/new-products/free-frequency-separation-photoshop-action.html]
[www.ahamibeleme.com/new-products/the-aip-lr-preset.html]
[www.ahamibeleme.com/new-products.html]
[assets.squarespace.com/universal/scripts-compressed/common-694eca60863edf36b6980-min.en-US.js]
[static1.squarespace.com/static/sitecss/5704ec402fe131860c2138f3/34/4fbff70b84aeca67fb3a3c56/5704ec412fe131860c2138fa/865-05142015/1610723847176/site8696.css]
[images.squarespace-cdn.com/content/v1/5704ec402fe131860c2138f3/1459955991812-T9AGAJXDY91FVILEYFQG/ke17ZwdGBToddI8pDm48kA5Xno6_rQ3RjjgiSNthQf9Zw-z/image-asset.jpg]
[www.ahamibeleme.com/about-1.html]
[www.ahamibeleme.com/contact.html]
[app.ecwid.com/scriptd41d.html]
[assets.squarespace.com/universal/scripts-compressed/commerce-ab019b47834ca712d76d9-min.en-US.js]
[assets.squarespace.com/universal/scripts-compressed/slides-4ecdd55c53f354458932f-min.en-US.js]
[www.ahamibeleme.com/POST.html]
[assets.squarespace.com/universal/styles-compressed/slide-normalize-f3e05d707a08546a77c65-min.en-US.css]
[assets.squarespace.com/universal/styles-compressed/slides-b005224bee294bcf551e1-min.en-US.css]
[www.ahamibeleme.com/new-products/the-retouching-sessions.html]
[www.ahamibeleme.com/universal/svg/social-accounts.svg]
[images.squarespace-cdn.com/content/v1/5704ec402fe131860c2138f3/1459946697023-55R97WHYCYQQ4IT4IUD4/ke17ZwdGBToddI8pDm48kAHWeGNrnTNuaaRsQC5iQLWLPZH/_MG_3833-2fc89.jpg]
[images.squarespace-cdn.com/content/v1/5704ec402fe131860c2138f3/1459946766249-1RYJJ4G7X554E8FIAE0F/ke17ZwdGBToddI8pDm48kAHWeGNrnTNuaaRsQC5iQLWLPZH/_MG_7192fc89.jpg]
[images.squarespace-cdn.com/content/v1/5704ec402fe131860c2138f3/1459947970298-6CJYYXIVVPKPLM1AC7K4/ke17ZwdGBToddI8pDm48kAHWeGNrnTNuaaRsQC5iQLWLPZH/_MG_9432fc89.jpg]
[www.ahamibeleme.com/new-products80b5.html]
[www.ahamibeleme.com/new-products/jklbndp3cm2eb2e8mkd7yb4yc5lzh5.html]
[images.squarespace-cdn.com/content/5704ec402fe131860c2138f3/1541250719953-S9SN62G41W3BPIRU1V8Z/CoverNew43a3.jpg]
[www.ahamibeleme.com/new-products/m9u5kmar463eyxs6c4e4s9xskvv6ho.html]
[www.ahamibeleme.com/new-products/lightroom-presets-for-mobile-and-desktop.html]
[www.ahamibeleme.com/new-products/aip2pro-teal-orange-color-grade.html]
[www.ahamibeleme.com/new-products/aip2pro-teal-orange-color-grade-1.html]
[www.ahamibeleme.com/new-products/aip-lut.html]
[www.ahamibeleme.com/new-products/black-and-white-grungy-retouch.html]
[www.ahamibeleme.com/new-products/tutorial-video-cinematic-color-grading-retouch.html]
[www.ahamibeleme.com/new-products/free-frequency-separation-photoshop-action.html]
[www.ahamibeleme.com/new-products/the-aip-lr-preset.html]
[static1.squarespace.com/static/sitecss/5704ec402fe131860c2138f3/34/4fbff70b84aeca67fb3a3c56/5704ec412fe131860c2138fa/865-05142015/1610723847176/site8696.css]
[assets.squarespace.com/universal/scripts-compressed/commerce-366e601c046a1a6df9d08-min.en-US.js]
[assets.squarespace.com/universal/scripts-compressed/commerce-0036371a5e7504207ac77-min.en-US.js]
